CRITICAL - 2022-03-04 08:03:40 --> Undefined variable: funcionario
#0 C:\wamp64\www\urgtec\app\Views\template\editarFuncionario.php(20): CodeIgniter\Debug\Exceptions->errorHandler(8, 'Undefined varia...', 'C:\\wamp64\\www\\u...', 20, Array)
#1 C:\wamp64\www\urgtec\system\View\View.php(210): include('C:\\wamp64\\www\\u...')
#2 C:\wamp64\www\urgtec\system\View\View.php(213): CodeIgniter\View\View->CodeIgniter\View\{closure}()
#3 C:\wamp64\www\urgtec\system\Common.php(1089): CodeIgniter\View\View->render('template/editar...', Array, true)
#4 C:\wamp64\www\urgtec\app\Views\urgtec.php(2): view('template/editar...')
#5 C:\wamp64\www\urgtec\system\View\View.php(210): include('C:\\wamp64\\www\\u...')
#6 C:\wamp64\www\urgtec\system\View\View.php(213): CodeIgniter\View\View->CodeIgniter\View\{closure}()
#7 C:\wamp64\www\urgtec\system\Common.php(1089): CodeIgniter\View\View->render('urgtec', Array, true)
#8 C:\wamp64\www\urgtec\app\Controllers\Urgtec.php(315): view('urgtec', Array)
#9 C:\wamp64\www\urgtec\system\CodeIgniter.php(832): App\Controllers\Urgtec->funcionario('34')
#10 C:\wamp64\www\urgtec\system\CodeIgniter.php(419): CodeIgniter\CodeIgniter->runController(Object(App\Controllers\Urgtec))
#11 C:\wamp64\www\urgtec\system\CodeIgniter.php(326): CodeIgniter\CodeIgniter->handleRequest(NULL, Object(Config\Cache), false)
#12 C:\wamp64\www\urgtec\index.php(37): CodeIgniter\CodeIgniter->run()
#13 {main}
CRITICAL - 2022-03-04 08:04:34 --> Undefined variable: funcionario
#0 C:\wamp64\www\urgtec\app\Views\template\editarFuncionario.php(7): CodeIgniter\Debug\Exceptions->errorHandler(8, 'Undefined varia...', 'C:\\wamp64\\www\\u...', 7, Array)
#1 C:\wamp64\www\urgtec\system\View\View.php(210): include('C:\\wamp64\\www\\u...')
#2 C:\wamp64\www\urgtec\system\View\View.php(213): CodeIgniter\View\View->CodeIgniter\View\{closure}()
#3 C:\wamp64\www\urgtec\system\Common.php(1089): CodeIgniter\View\View->render('template/editar...', Array, true)
#4 C:\wamp64\www\urgtec\app\Views\urgtec.php(2): view('template/editar...')
#5 C:\wamp64\www\urgtec\system\View\View.php(210): include('C:\\wamp64\\www\\u...')
#6 C:\wamp64\www\urgtec\system\View\View.php(213): CodeIgniter\View\View->CodeIgniter\View\{closure}()
#7 C:\wamp64\www\urgtec\system\Common.php(1089): CodeIgniter\View\View->render('urgtec', Array, true)
#8 C:\wamp64\www\urgtec\app\Controllers\Urgtec.php(315): view('urgtec', Array)
#9 C:\wamp64\www\urgtec\system\CodeIgniter.php(832): App\Controllers\Urgtec->funcionario('34')
#10 C:\wamp64\www\urgtec\system\CodeIgniter.php(419): CodeIgniter\CodeIgniter->runController(Object(App\Controllers\Urgtec))
#11 C:\wamp64\www\urgtec\system\CodeIgniter.php(326): CodeIgniter\CodeIgniter->handleRequest(NULL, Object(Config\Cache), false)
#12 C:\wamp64\www\urgtec\index.php(37): CodeIgniter\CodeIgniter->run()
#13 {main}
CRITICAL - 2022-03-04 08:08:09 --> syntax error, unexpected '?>'
#0 C:\wamp64\www\urgtec\system\View\View.php(213): CodeIgniter\View\View->CodeIgniter\View\{closure}()
#1 C:\wamp64\www\urgtec\system\Common.php(1089): CodeIgniter\View\View->render('template/editar...', Array, true)
#2 C:\wamp64\www\urgtec\app\Views\urgtec.php(2): view('template/editar...')
#3 C:\wamp64\www\urgtec\system\View\View.php(210): include('C:\\wamp64\\www\\u...')
#4 C:\wamp64\www\urgtec\system\View\View.php(213): CodeIgniter\View\View->CodeIgniter\View\{closure}()
#5 C:\wamp64\www\urgtec\system\Common.php(1089): CodeIgniter\View\View->render('urgtec', Array, true)
#6 C:\wamp64\www\urgtec\app\Controllers\Urgtec.php(316): view('urgtec', Array)
#7 C:\wamp64\www\urgtec\system\CodeIgniter.php(832): App\Controllers\Urgtec->funcionario('34')
#8 C:\wamp64\www\urgtec\system\CodeIgniter.php(419): CodeIgniter\CodeIgniter->runController(Object(App\Controllers\Urgtec))
#9 C:\wamp64\www\urgtec\system\CodeIgniter.php(326): CodeIgniter\CodeIgniter->handleRequest(NULL, Object(Config\Cache), false)
#10 C:\wamp64\www\urgtec\index.php(37): CodeIgniter\CodeIgniter->run()
#11 {main}
CRITICAL - 2022-03-04 08:26:59 --> syntax error, unexpected '=>' (T_DOUBLE_ARROW)
#0 C:\wamp64\www\urgtec\system\Autoloader\Autoloader.php(241): CodeIgniter\Autoloader\Autoloader->includeFile('C:\\wamp64\\www\\u...')
#1 C:\wamp64\www\urgtec\system\Autoloader\Autoloader.php(219): CodeIgniter\Autoloader\Autoloader->loadInNamespace('App\\Controllers...')
#2 [internal function]: CodeIgniter\Autoloader\Autoloader->loadClass('App\\Controllers...')
#3 [internal function]: spl_autoload_call('App\\Controllers...')
#4 C:\wamp64\www\urgtec\system\CodeIgniter.php(797): class_exists('\\App\\Controller...', true)
#5 C:\wamp64\www\urgtec\system\CodeIgniter.php(406): CodeIgniter\CodeIgniter->startController()
#6 C:\wamp64\www\urgtec\system\CodeIgniter.php(326): CodeIgniter\CodeIgniter->handleRequest(NULL, Object(Config\Cache), false)
#7 C:\wamp64\www\urgtec\index.php(37): CodeIgniter\CodeIgniter->run()
#8 {main}
CRITICAL - 2022-03-04 08:27:24 --> syntax error, unexpected '=>' (T_DOUBLE_ARROW)
#0 C:\wamp64\www\urgtec\system\Autoloader\Autoloader.php(241): CodeIgniter\Autoloader\Autoloader->includeFile('C:\\wamp64\\www\\u...')
#1 C:\wamp64\www\urgtec\system\Autoloader\Autoloader.php(219): CodeIgniter\Autoloader\Autoloader->loadInNamespace('App\\Controllers...')
#2 [internal function]: CodeIgniter\Autoloader\Autoloader->loadClass('App\\Controllers...')
#3 [internal function]: spl_autoload_call('App\\Controllers...')
#4 C:\wamp64\www\urgtec\system\CodeIgniter.php(797): class_exists('\\App\\Controller...', true)
#5 C:\wamp64\www\urgtec\system\CodeIgniter.php(406): CodeIgniter\CodeIgniter->startController()
#6 C:\wamp64\www\urgtec\system\CodeIgniter.php(326): CodeIgniter\CodeIgniter->handleRequest(NULL, Object(Config\Cache), false)
#7 C:\wamp64\www\urgtec\index.php(37): CodeIgniter\CodeIgniter->run()
#8 {main}
CRITICAL - 2022-03-04 08:28:32 --> syntax error, unexpected '=>' (T_DOUBLE_ARROW)
#0 C:\wamp64\www\urgtec\system\Autoloader\Autoloader.php(241): CodeIgniter\Autoloader\Autoloader->includeFile('C:\\wamp64\\www\\u...')
#1 C:\wamp64\www\urgtec\system\Autoloader\Autoloader.php(219): CodeIgniter\Autoloader\Autoloader->loadInNamespace('App\\Controllers...')
#2 [internal function]: CodeIgniter\Autoloader\Autoloader->loadClass('App\\Controllers...')
#3 [internal function]: spl_autoload_call('App\\Controllers...')
#4 C:\wamp64\www\urgtec\system\CodeIgniter.php(797): class_exists('\\App\\Controller...', true)
#5 C:\wamp64\www\urgtec\system\CodeIgniter.php(406): CodeIgniter\CodeIgniter->startController()
#6 C:\wamp64\www\urgtec\system\CodeIgniter.php(326): CodeIgniter\CodeIgniter->handleRequest(NULL, Object(Config\Cache), false)
#7 C:\wamp64\www\urgtec\index.php(37): CodeIgniter\CodeIgniter->run()
#8 {main}
CRITICAL - 2022-03-04 08:28:55 --> syntax error, unexpected '=>' (T_DOUBLE_ARROW)
#0 C:\wamp64\www\urgtec\system\Autoloader\Autoloader.php(241): CodeIgniter\Autoloader\Autoloader->includeFile('C:\\wamp64\\www\\u...')
#1 C:\wamp64\www\urgtec\system\Autoloader\Autoloader.php(219): CodeIgniter\Autoloader\Autoloader->loadInNamespace('App\\Controllers...')
#2 [internal function]: CodeIgniter\Autoloader\Autoloader->loadClass('App\\Controllers...')
#3 [internal function]: spl_autoload_call('App\\Controllers...')
#4 C:\wamp64\www\urgtec\system\CodeIgniter.php(797): class_exists('\\App\\Controller...', true)
#5 C:\wamp64\www\urgtec\system\CodeIgniter.php(406): CodeIgniter\CodeIgniter->startController()
#6 C:\wamp64\www\urgtec\system\CodeIgniter.php(326): CodeIgniter\CodeIgniter->handleRequest(NULL, Object(Config\Cache), false)
#7 C:\wamp64\www\urgtec\index.php(37): CodeIgniter\CodeIgniter->run()
#8 {main}
CRITICAL - 2022-03-04 08:29:04 --> Undefined property: stdClass::$id_departamento
#0 C:\wamp64\www\urgtec\app\Controllers\Urgtec.php(313): CodeIgniter\Debug\Exceptions->errorHandler(8, 'Undefined prope...', 'C:\\wamp64\\www\\u...', 313, Array)
#1 C:\wamp64\www\urgtec\system\CodeIgniter.php(832): App\Controllers\Urgtec->funcionario('34')
#2 C:\wamp64\www\urgtec\system\CodeIgniter.php(419): CodeIgniter\CodeIgniter->runController(Object(App\Controllers\Urgtec))
#3 C:\wamp64\www\urgtec\system\CodeIgniter.php(326): CodeIgniter\CodeIgniter->handleRequest(NULL, Object(Config\Cache), false)
#4 C:\wamp64\www\urgtec\index.php(37): CodeIgniter\CodeIgniter->run()
#5 {main}
CRITICAL - 2022-03-04 08:29:26 --> syntax error, unexpected 'endforeach' (T_ENDFOREACH)
#0 C:\wamp64\www\urgtec\system\View\View.php(213): CodeIgniter\View\View->CodeIgniter\View\{closure}()
#1 C:\wamp64\www\urgtec\system\Common.php(1089): CodeIgniter\View\View->render('template/editar...', Array, true)
#2 C:\wamp64\www\urgtec\app\Views\urgtec.php(2): view('template/editar...')
#3 C:\wamp64\www\urgtec\system\View\View.php(210): include('C:\\wamp64\\www\\u...')
#4 C:\wamp64\www\urgtec\system\View\View.php(213): CodeIgniter\View\View->CodeIgniter\View\{closure}()
#5 C:\wamp64\www\urgtec\system\Common.php(1089): CodeIgniter\View\View->render('urgtec', Array, true)
#6 C:\wamp64\www\urgtec\app\Controllers\Urgtec.php(318): view('urgtec', Array)
#7 C:\wamp64\www\urgtec\system\CodeIgniter.php(832): App\Controllers\Urgtec->funcionario('34')
#8 C:\wamp64\www\urgtec\system\CodeIgniter.php(419): CodeIgniter\CodeIgniter->runController(Object(App\Controllers\Urgtec))
#9 C:\wamp64\www\urgtec\system\CodeIgniter.php(326): CodeIgniter\CodeIgniter->handleRequest(NULL, Object(Config\Cache), false)
#10 C:\wamp64\www\urgtec\index.php(37): CodeIgniter\CodeIgniter->run()
#11 {main}
CRITICAL - 2022-03-04 08:29:53 --> syntax error, unexpected 'endforeach' (T_ENDFOREACH)
#0 C:\wamp64\www\urgtec\system\View\View.php(213): CodeIgniter\View\View->CodeIgniter\View\{closure}()
#1 C:\wamp64\www\urgtec\system\Common.php(1089): CodeIgniter\View\View->render('template/editar...', Array, true)
#2 C:\wamp64\www\urgtec\app\Views\urgtec.php(2): view('template/editar...')
#3 C:\wamp64\www\urgtec\system\View\View.php(210): include('C:\\wamp64\\www\\u...')
#4 C:\wamp64\www\urgtec\system\View\View.php(213): CodeIgniter\View\View->CodeIgniter\View\{closure}()
#5 C:\wamp64\www\urgtec\system\Common.php(1089): CodeIgniter\View\View->render('urgtec', Array, true)
#6 C:\wamp64\www\urgtec\app\Controllers\Urgtec.php(318): view('urgtec', Array)
#7 C:\wamp64\www\urgtec\system\CodeIgniter.php(832): App\Controllers\Urgtec->funcionario('34')
#8 C:\wamp64\www\urgtec\system\CodeIgniter.php(419): CodeIgniter\CodeIgniter->runController(Object(App\Controllers\Urgtec))
#9 C:\wamp64\www\urgtec\system\CodeIgniter.php(326): CodeIgniter\CodeIgniter->handleRequest(NULL, Object(Config\Cache), false)
#10 C:\wamp64\www\urgtec\index.php(37): CodeIgniter\CodeIgniter->run()
#11 {main}
CRITICAL - 2022-03-04 08:30:10 --> syntax error, unexpected 'endforeach' (T_ENDFOREACH)
#0 C:\wamp64\www\urgtec\system\View\View.php(213): CodeIgniter\View\View->CodeIgniter\View\{closure}()
#1 C:\wamp64\www\urgtec\system\Common.php(1089): CodeIgniter\View\View->render('template/editar...', Array, true)
#2 C:\wamp64\www\urgtec\app\Views\urgtec.php(2): view('template/editar...')
#3 C:\wamp64\www\urgtec\system\View\View.php(210): include('C:\\wamp64\\www\\u...')
#4 C:\wamp64\www\urgtec\system\View\View.php(213): CodeIgniter\View\View->CodeIgniter\View\{closure}()
#5 C:\wamp64\www\urgtec\system\Common.php(1089): CodeIgniter\View\View->render('urgtec', Array, true)
#6 C:\wamp64\www\urgtec\app\Controllers\Urgtec.php(318): view('urgtec', Array)
#7 C:\wamp64\www\urgtec\system\CodeIgniter.php(832): App\Controllers\Urgtec->funcionario('34')
#8 C:\wamp64\www\urgtec\system\CodeIgniter.php(419): CodeIgniter\CodeIgniter->runController(Object(App\Controllers\Urgtec))
#9 C:\wamp64\www\urgtec\system\CodeIgniter.php(326): CodeIgniter\CodeIgniter->handleRequest(NULL, Object(Config\Cache), false)
#10 C:\wamp64\www\urgtec\index.php(37): CodeIgniter\CodeIgniter->run()
#11 {main}
CRITICAL - 2022-03-04 08:30:11 --> syntax error, unexpected 'endforeach' (T_ENDFOREACH)
#0 C:\wamp64\www\urgtec\system\View\View.php(213): CodeIgniter\View\View->CodeIgniter\View\{closure}()
#1 C:\wamp64\www\urgtec\system\Common.php(1089): CodeIgniter\View\View->render('template/editar...', Array, true)
#2 C:\wamp64\www\urgtec\app\Views\urgtec.php(2): view('template/editar...')
#3 C:\wamp64\www\urgtec\system\View\View.php(210): include('C:\\wamp64\\www\\u...')
#4 C:\wamp64\www\urgtec\system\View\View.php(213): CodeIgniter\View\View->CodeIgniter\View\{closure}()
#5 C:\wamp64\www\urgtec\system\Common.php(1089): CodeIgniter\View\View->render('urgtec', Array, true)
#6 C:\wamp64\www\urgtec\app\Controllers\Urgtec.php(318): view('urgtec', Array)
#7 C:\wamp64\www\urgtec\system\CodeIgniter.php(832): App\Controllers\Urgtec->funcionario('34')
#8 C:\wamp64\www\urgtec\system\CodeIgniter.php(419): CodeIgniter\CodeIgniter->runController(Object(App\Controllers\Urgtec))
#9 C:\wamp64\www\urgtec\system\CodeIgniter.php(326): CodeIgniter\CodeIgniter->handleRequest(NULL, Object(Config\Cache), false)
#10 C:\wamp64\www\urgtec\index.php(37): CodeIgniter\CodeIgniter->run()
#11 {main}
CRITICAL - 2022-03-04 08:30:15 --> syntax error, unexpected 'endforeach' (T_ENDFOREACH)
#0 C:\wamp64\www\urgtec\system\View\View.php(213): CodeIgniter\View\View->CodeIgniter\View\{closure}()
#1 C:\wamp64\www\urgtec\system\Common.php(1089): CodeIgniter\View\View->render('template/editar...', Array, true)
#2 C:\wamp64\www\urgtec\app\Views\urgtec.php(2): view('template/editar...')
#3 C:\wamp64\www\urgtec\system\View\View.php(210): include('C:\\wamp64\\www\\u...')
#4 C:\wamp64\www\urgtec\system\View\View.php(213): CodeIgniter\View\View->CodeIgniter\View\{closure}()
#5 C:\wamp64\www\urgtec\system\Common.php(1089): CodeIgniter\View\View->render('urgtec', Array, true)
#6 C:\wamp64\www\urgtec\app\Controllers\Urgtec.php(318): view('urgtec', Array)
#7 C:\wamp64\www\urgtec\system\CodeIgniter.php(832): App\Controllers\Urgtec->funcionario('34')
#8 C:\wamp64\www\urgtec\system\CodeIgniter.php(419): CodeIgniter\CodeIgniter->runController(Object(App\Controllers\Urgtec))
#9 C:\wamp64\www\urgtec\system\CodeIgniter.php(326): CodeIgniter\CodeIgniter->handleRequest(NULL, Object(Config\Cache), false)
#10 C:\wamp64\www\urgtec\index.php(37): CodeIgniter\CodeIgniter->run()
#11 {main}
CRITICAL - 2022-03-04 08:30:15 --> syntax error, unexpected 'endforeach' (T_ENDFOREACH)
#0 C:\wamp64\www\urgtec\system\View\View.php(213): CodeIgniter\View\View->CodeIgniter\View\{closure}()
#1 C:\wamp64\www\urgtec\system\Common.php(1089): CodeIgniter\View\View->render('template/editar...', Array, true)
#2 C:\wamp64\www\urgtec\app\Views\urgtec.php(2): view('template/editar...')
#3 C:\wamp64\www\urgtec\system\View\View.php(210): include('C:\\wamp64\\www\\u...')
#4 C:\wamp64\www\urgtec\system\View\View.php(213): CodeIgniter\View\View->CodeIgniter\View\{closure}()
#5 C:\wamp64\www\urgtec\system\Common.php(1089): CodeIgniter\View\View->render('urgtec', Array, true)
#6 C:\wamp64\www\urgtec\app\Controllers\Urgtec.php(318): view('urgtec', Array)
#7 C:\wamp64\www\urgtec\system\CodeIgniter.php(832): App\Controllers\Urgtec->funcionario('34')
#8 C:\wamp64\www\urgtec\system\CodeIgniter.php(419): CodeIgniter\CodeIgniter->runController(Object(App\Controllers\Urgtec))
#9 C:\wamp64\www\urgtec\system\CodeIgniter.php(326): CodeIgniter\CodeIgniter->handleRequest(NULL, Object(Config\Cache), false)
#10 C:\wamp64\www\urgtec\index.php(37): CodeIgniter\CodeIgniter->run()
#11 {main}
CRITICAL - 2022-03-04 08:30:46 --> syntax error, unexpected 'endforeach' (T_ENDFOREACH)
#0 C:\wamp64\www\urgtec\system\View\View.php(213): CodeIgniter\View\View->CodeIgniter\View\{closure}()
#1 C:\wamp64\www\urgtec\system\Common.php(1089): CodeIgniter\View\View->render('template/editar...', Array, true)
#2 C:\wamp64\www\urgtec\app\Views\urgtec.php(2): view('template/editar...')
#3 C:\wamp64\www\urgtec\system\View\View.php(210): include('C:\\wamp64\\www\\u...')
#4 C:\wamp64\www\urgtec\system\View\View.php(213): CodeIgniter\View\View->CodeIgniter\View\{closure}()
#5 C:\wamp64\www\urgtec\system\Common.php(1089): CodeIgniter\View\View->render('urgtec', Array, true)
#6 C:\wamp64\www\urgtec\app\Controllers\Urgtec.php(318): view('urgtec', Array)
#7 C:\wamp64\www\urgtec\system\CodeIgniter.php(832): App\Controllers\Urgtec->funcionario('34')
#8 C:\wamp64\www\urgtec\system\CodeIgniter.php(419): CodeIgniter\CodeIgniter->runController(Object(App\Controllers\Urgtec))
#9 C:\wamp64\www\urgtec\system\CodeIgniter.php(326): CodeIgniter\CodeIgniter->handleRequest(NULL, Object(Config\Cache), false)
#10 C:\wamp64\www\urgtec\index.php(37): CodeIgniter\CodeIgniter->run()
#11 {main}
CRITICAL - 2022-03-04 08:31:32 --> syntax error, unexpected 'endforeach' (T_ENDFOREACH)
#0 C:\wamp64\www\urgtec\system\View\View.php(213): CodeIgniter\View\View->CodeIgniter\View\{closure}()
#1 C:\wamp64\www\urgtec\system\Common.php(1089): CodeIgniter\View\View->render('template/editar...', Array, true)
#2 C:\wamp64\www\urgtec\app\Views\urgtec.php(2): view('template/editar...')
#3 C:\wamp64\www\urgtec\system\View\View.php(210): include('C:\\wamp64\\www\\u...')
#4 C:\wamp64\www\urgtec\system\View\View.php(213): CodeIgniter\View\View->CodeIgniter\View\{closure}()
#5 C:\wamp64\www\urgtec\system\Common.php(1089): CodeIgniter\View\View->render('urgtec', Array, true)
#6 C:\wamp64\www\urgtec\app\Controllers\Urgtec.php(318): view('urgtec', Array)
#7 C:\wamp64\www\urgtec\system\CodeIgniter.php(832): App\Controllers\Urgtec->funcionario('34')
#8 C:\wamp64\www\urgtec\system\CodeIgniter.php(419): CodeIgniter\CodeIgniter->runController(Object(App\Controllers\Urgtec))
#9 C:\wamp64\www\urgtec\system\CodeIgniter.php(326): CodeIgniter\CodeIgniter->handleRequest(NULL, Object(Config\Cache), false)
#10 C:\wamp64\www\urgtec\index.php(37): CodeIgniter\CodeIgniter->run()
#11 {main}
CRITICAL - 2022-03-04 08:31:33 --> syntax error, unexpected 'endforeach' (T_ENDFOREACH)
#0 C:\wamp64\www\urgtec\system\View\View.php(213): CodeIgniter\View\View->CodeIgniter\View\{closure}()
#1 C:\wamp64\www\urgtec\system\Common.php(1089): CodeIgniter\View\View->render('template/editar...', Array, true)
#2 C:\wamp64\www\urgtec\app\Views\urgtec.php(2): view('template/editar...')
#3 C:\wamp64\www\urgtec\system\View\View.php(210): include('C:\\wamp64\\www\\u...')
#4 C:\wamp64\www\urgtec\system\View\View.php(213): CodeIgniter\View\View->CodeIgniter\View\{closure}()
#5 C:\wamp64\www\urgtec\system\Common.php(1089): CodeIgniter\View\View->render('urgtec', Array, true)
#6 C:\wamp64\www\urgtec\app\Controllers\Urgtec.php(318): view('urgtec', Array)
#7 C:\wamp64\www\urgtec\system\CodeIgniter.php(832): App\Controllers\Urgtec->funcionario('34')
#8 C:\wamp64\www\urgtec\system\CodeIgniter.php(419): CodeIgniter\CodeIgniter->runController(Object(App\Controllers\Urgtec))
#9 C:\wamp64\www\urgtec\system\CodeIgniter.php(326): CodeIgniter\CodeIgniter->handleRequest(NULL, Object(Config\Cache), false)
#10 C:\wamp64\www\urgtec\index.php(37): CodeIgniter\CodeIgniter->run()
#11 {main}
CRITICAL - 2022-03-04 08:31:33 --> syntax error, unexpected 'endforeach' (T_ENDFOREACH)
#0 C:\wamp64\www\urgtec\system\View\View.php(213): CodeIgniter\View\View->CodeIgniter\View\{closure}()
#1 C:\wamp64\www\urgtec\system\Common.php(1089): CodeIgniter\View\View->render('template/editar...', Array, true)
#2 C:\wamp64\www\urgtec\app\Views\urgtec.php(2): view('template/editar...')
#3 C:\wamp64\www\urgtec\system\View\View.php(210): include('C:\\wamp64\\www\\u...')
#4 C:\wamp64\www\urgtec\system\View\View.php(213): CodeIgniter\View\View->CodeIgniter\View\{closure}()
#5 C:\wamp64\www\urgtec\system\Common.php(1089): CodeIgniter\View\View->render('urgtec', Array, true)
#6 C:\wamp64\www\urgtec\app\Controllers\Urgtec.php(318): view('urgtec', Array)
#7 C:\wamp64\www\urgtec\system\CodeIgniter.php(832): App\Controllers\Urgtec->funcionario('34')
#8 C:\wamp64\www\urgtec\system\CodeIgniter.php(419): CodeIgniter\CodeIgniter->runController(Object(App\Controllers\Urgtec))
#9 C:\wamp64\www\urgtec\system\CodeIgniter.php(326): CodeIgniter\CodeIgniter->handleRequest(NULL, Object(Config\Cache), false)
#10 C:\wamp64\www\urgtec\index.php(37): CodeIgniter\CodeIgniter->run()
#11 {main}
CRITICAL - 2022-03-04 08:31:53 --> syntax error, unexpected end of file
#0 C:\wamp64\www\urgtec\system\View\View.php(213): CodeIgniter\View\View->CodeIgniter\View\{closure}()
#1 C:\wamp64\www\urgtec\system\Common.php(1089): CodeIgniter\View\View->render('template/editar...', Array, true)
#2 C:\wamp64\www\urgtec\app\Views\urgtec.php(2): view('template/editar...')
#3 C:\wamp64\www\urgtec\system\View\View.php(210): include('C:\\wamp64\\www\\u...')
#4 C:\wamp64\www\urgtec\system\View\View.php(213): CodeIgniter\View\View->CodeIgniter\View\{closure}()
#5 C:\wamp64\www\urgtec\system\Common.php(1089): CodeIgniter\View\View->render('urgtec', Array, true)
#6 C:\wamp64\www\urgtec\app\Controllers\Urgtec.php(318): view('urgtec', Array)
#7 C:\wamp64\www\urgtec\system\CodeIgniter.php(832): App\Controllers\Urgtec->funcionario('34')
#8 C:\wamp64\www\urgtec\system\CodeIgniter.php(419): CodeIgniter\CodeIgniter->runController(Object(App\Controllers\Urgtec))
#9 C:\wamp64\www\urgtec\system\CodeIgniter.php(326): CodeIgniter\CodeIgniter->handleRequest(NULL, Object(Config\Cache), false)
#10 C:\wamp64\www\urgtec\index.php(37): CodeIgniter\CodeIgniter->run()
#11 {main}
CRITICAL - 2022-03-04 08:32:17 --> syntax error, unexpected end of file
#0 C:\wamp64\www\urgtec\system\View\View.php(213): CodeIgniter\View\View->CodeIgniter\View\{closure}()
#1 C:\wamp64\www\urgtec\system\Common.php(1089): CodeIgniter\View\View->render('template/editar...', Array, true)
#2 C:\wamp64\www\urgtec\app\Views\urgtec.php(2): view('template/editar...')
#3 C:\wamp64\www\urgtec\system\View\View.php(210): include('C:\\wamp64\\www\\u...')
#4 C:\wamp64\www\urgtec\system\View\View.php(213): CodeIgniter\View\View->CodeIgniter\View\{closure}()
#5 C:\wamp64\www\urgtec\system\Common.php(1089): CodeIgniter\View\View->render('urgtec', Array, true)
#6 C:\wamp64\www\urgtec\app\Controllers\Urgtec.php(318): view('urgtec', Array)
#7 C:\wamp64\www\urgtec\system\CodeIgniter.php(832): App\Controllers\Urgtec->funcionario('34')
#8 C:\wamp64\www\urgtec\system\CodeIgniter.php(419): CodeIgniter\CodeIgniter->runController(Object(App\Controllers\Urgtec))
#9 C:\wamp64\www\urgtec\system\CodeIgniter.php(326): CodeIgniter\CodeIgniter->handleRequest(NULL, Object(Config\Cache), false)
#10 C:\wamp64\www\urgtec\index.php(37): CodeIgniter\CodeIgniter->run()
#11 {main}
CRITICAL - 2022-03-04 08:32:18 --> syntax error, unexpected end of file
#0 C:\wamp64\www\urgtec\system\View\View.php(213): CodeIgniter\View\View->CodeIgniter\View\{closure}()
#1 C:\wamp64\www\urgtec\system\Common.php(1089): CodeIgniter\View\View->render('template/editar...', Array, true)
#2 C:\wamp64\www\urgtec\app\Views\urgtec.php(2): view('template/editar...')
#3 C:\wamp64\www\urgtec\system\View\View.php(210): include('C:\\wamp64\\www\\u...')
#4 C:\wamp64\www\urgtec\system\View\View.php(213): CodeIgniter\View\View->CodeIgniter\View\{closure}()
#5 C:\wamp64\www\urgtec\system\Common.php(1089): CodeIgniter\View\View->render('urgtec', Array, true)
#6 C:\wamp64\www\urgtec\app\Controllers\Urgtec.php(318): view('urgtec', Array)
#7 C:\wamp64\www\urgtec\system\CodeIgniter.php(832): App\Controllers\Urgtec->funcionario('34')
#8 C:\wamp64\www\urgtec\system\CodeIgniter.php(419): CodeIgniter\CodeIgniter->runController(Object(App\Controllers\Urgtec))
#9 C:\wamp64\www\urgtec\system\CodeIgniter.php(326): CodeIgniter\CodeIgniter->handleRequest(NULL, Object(Config\Cache), false)
#10 C:\wamp64\www\urgtec\index.php(37): CodeIgniter\CodeIgniter->run()
#11 {main}
CRITICAL - 2022-03-04 08:32:19 --> syntax error, unexpected end of file
#0 C:\wamp64\www\urgtec\system\View\View.php(213): CodeIgniter\View\View->CodeIgniter\View\{closure}()
#1 C:\wamp64\www\urgtec\system\Common.php(1089): CodeIgniter\View\View->render('template/editar...', Array, true)
#2 C:\wamp64\www\urgtec\app\Views\urgtec.php(2): view('template/editar...')
#3 C:\wamp64\www\urgtec\system\View\View.php(210): include('C:\\wamp64\\www\\u...')
#4 C:\wamp64\www\urgtec\system\View\View.php(213): CodeIgniter\View\View->CodeIgniter\View\{closure}()
#5 C:\wamp64\www\urgtec\system\Common.php(1089): CodeIgniter\View\View->render('urgtec', Array, true)
#6 C:\wamp64\www\urgtec\app\Controllers\Urgtec.php(318): view('urgtec', Array)
#7 C:\wamp64\www\urgtec\system\CodeIgniter.php(832): App\Controllers\Urgtec->funcionario('34')
#8 C:\wamp64\www\urgtec\system\CodeIgniter.php(419): CodeIgniter\CodeIgniter->runController(Object(App\Controllers\Urgtec))
#9 C:\wamp64\www\urgtec\system\CodeIgniter.php(326): CodeIgniter\CodeIgniter->handleRequest(NULL, Object(Config\Cache), false)
#10 C:\wamp64\www\urgtec\index.php(37): CodeIgniter\CodeIgniter->run()
#11 {main}
CRITICAL - 2022-03-04 08:32:37 --> syntax error, unexpected 'endif' (T_ENDIF)
#0 C:\wamp64\www\urgtec\system\View\View.php(213): CodeIgniter\View\View->CodeIgniter\View\{closure}()
#1 C:\wamp64\www\urgtec\system\Common.php(1089): CodeIgniter\View\View->render('template/editar...', Array, true)
#2 C:\wamp64\www\urgtec\app\Views\urgtec.php(2): view('template/editar...')
#3 C:\wamp64\www\urgtec\system\View\View.php(210): include('C:\\wamp64\\www\\u...')
#4 C:\wamp64\www\urgtec\system\View\View.php(213): CodeIgniter\View\View->CodeIgniter\View\{closure}()
#5 C:\wamp64\www\urgtec\system\Common.php(1089): CodeIgniter\View\View->render('urgtec', Array, true)
#6 C:\wamp64\www\urgtec\app\Controllers\Urgtec.php(318): view('urgtec', Array)
#7 C:\wamp64\www\urgtec\system\CodeIgniter.php(832): App\Controllers\Urgtec->funcionario('34')
#8 C:\wamp64\www\urgtec\system\CodeIgniter.php(419): CodeIgniter\CodeIgniter->runController(Object(App\Controllers\Urgtec))
#9 C:\wamp64\www\urgtec\system\CodeIgniter.php(326): CodeIgniter\CodeIgniter->handleRequest(NULL, Object(Config\Cache), false)
#10 C:\wamp64\www\urgtec\index.php(37): CodeIgniter\CodeIgniter->run()
#11 {main}
CRITICAL - 2022-03-04 08:32:47 --> Trying to get property 'id_departamento' of non-object
#0 C:\wamp64\www\urgtec\app\Views\template\editarFuncionario.php(47): CodeIgniter\Debug\Exceptions->errorHandler(8, 'Trying to get p...', 'C:\\wamp64\\www\\u...', 47, Array)
#1 C:\wamp64\www\urgtec\system\View\View.php(210): include('C:\\wamp64\\www\\u...')
#2 C:\wamp64\www\urgtec\system\View\View.php(213): CodeIgniter\View\View->CodeIgniter\View\{closure}()
#3 C:\wamp64\www\urgtec\system\Common.php(1089): CodeIgniter\View\View->render('template/editar...', Array, true)
#4 C:\wamp64\www\urgtec\app\Views\urgtec.php(2): view('template/editar...')
#5 C:\wamp64\www\urgtec\system\View\View.php(210): include('C:\\wamp64\\www\\u...')
#6 C:\wamp64\www\urgtec\system\View\View.php(213): CodeIgniter\View\View->CodeIgniter\View\{closure}()
#7 C:\wamp64\www\urgtec\system\Common.php(1089): CodeIgniter\View\View->render('urgtec', Array, true)
#8 C:\wamp64\www\urgtec\app\Controllers\Urgtec.php(318): view('urgtec', Array)
#9 C:\wamp64\www\urgtec\system\CodeIgniter.php(832): App\Controllers\Urgtec->funcionario('34')
#10 C:\wamp64\www\urgtec\system\CodeIgniter.php(419): CodeIgniter\CodeIgniter->runController(Object(App\Controllers\Urgtec))
#11 C:\wamp64\www\urgtec\system\CodeIgniter.php(326): CodeIgniter\CodeIgniter->handleRequest(NULL, Object(Config\Cache), false)
#12 C:\wamp64\www\urgtec\index.php(37): CodeIgniter\CodeIgniter->run()
#13 {main}
CRITICAL - 2022-03-04 08:33:28 --> Trying to get property 'id_departamento' of non-object
#0 C:\wamp64\www\urgtec\app\Views\template\editarFuncionario.php(48): CodeIgniter\Debug\Exceptions->errorHandler(8, 'Trying to get p...', 'C:\\wamp64\\www\\u...', 48, Array)
#1 C:\wamp64\www\urgtec\system\View\View.php(210): include('C:\\wamp64\\www\\u...')
#2 C:\wamp64\www\urgtec\system\View\View.php(213): CodeIgniter\View\View->CodeIgniter\View\{closure}()
#3 C:\wamp64\www\urgtec\system\Common.php(1089): CodeIgniter\View\View->render('template/editar...', Array, true)
#4 C:\wamp64\www\urgtec\app\Views\urgtec.php(2): view('template/editar...')
#5 C:\wamp64\www\urgtec\system\View\View.php(210): include('C:\\wamp64\\www\\u...')
#6 C:\wamp64\www\urgtec\system\View\View.php(213): CodeIgniter\View\View->CodeIgniter\View\{closure}()
#7 C:\wamp64\www\urgtec\system\Common.php(1089): CodeIgniter\View\View->render('urgtec', Array, true)
#8 C:\wamp64\www\urgtec\app\Controllers\Urgtec.php(318): view('urgtec', Array)
#9 C:\wamp64\www\urgtec\system\CodeIgniter.php(832): App\Controllers\Urgtec->funcionario('34')
#10 C:\wamp64\www\urgtec\system\CodeIgniter.php(419): CodeIgniter\CodeIgniter->runController(Object(App\Controllers\Urgtec))
#11 C:\wamp64\www\urgtec\system\CodeIgniter.php(326): CodeIgniter\CodeIgniter->handleRequest(NULL, Object(Config\Cache), false)
#12 C:\wamp64\www\urgtec\index.php(37): CodeIgniter\CodeIgniter->run()
#13 {main}
CRITICAL - 2022-03-04 08:33:54 --> Trying to get property 'id_departamento' of non-object
#0 C:\wamp64\www\urgtec\app\Views\template\editarFuncionario.php(48): CodeIgniter\Debug\Exceptions->errorHandler(8, 'Trying to get p...', 'C:\\wamp64\\www\\u...', 48, Array)
#1 C:\wamp64\www\urgtec\system\View\View.php(210): include('C:\\wamp64\\www\\u...')
#2 C:\wamp64\www\urgtec\system\View\View.php(213): CodeIgniter\View\View->CodeIgniter\View\{closure}()
#3 C:\wamp64\www\urgtec\system\Common.php(1089): CodeIgniter\View\View->render('template/editar...', Array, true)
#4 C:\wamp64\www\urgtec\app\Views\urgtec.php(2): view('template/editar...')
#5 C:\wamp64\www\urgtec\system\View\View.php(210): include('C:\\wamp64\\www\\u...')
#6 C:\wamp64\www\urgtec\system\View\View.php(213): CodeIgniter\View\View->CodeIgniter\View\{closure}()
#7 C:\wamp64\www\urgtec\system\Common.php(1089): CodeIgniter\View\View->render('urgtec', Array, true)
#8 C:\wamp64\www\urgtec\app\Controllers\Urgtec.php(318): view('urgtec', Array)
#9 C:\wamp64\www\urgtec\system\CodeIgniter.php(832): App\Controllers\Urgtec->funcionario('34')
#10 C:\wamp64\www\urgtec\system\CodeIgniter.php(419): CodeIgniter\CodeIgniter->runController(Object(App\Controllers\Urgtec))
#11 C:\wamp64\www\urgtec\system\CodeIgniter.php(326): CodeIgniter\CodeIgniter->handleRequest(NULL, Object(Config\Cache), false)
#12 C:\wamp64\www\urgtec\index.php(37): CodeIgniter\CodeIgniter->run()
#13 {main}
CRITICAL - 2022-03-04 08:34:11 --> Trying to get property 'id_departamento' of non-object
#0 C:\wamp64\www\urgtec\app\Views\template\editarFuncionario.php(48): CodeIgniter\Debug\Exceptions->errorHandler(8, 'Trying to get p...', 'C:\\wamp64\\www\\u...', 48, Array)
#1 C:\wamp64\www\urgtec\system\View\View.php(210): include('C:\\wamp64\\www\\u...')
#2 C:\wamp64\www\urgtec\system\View\View.php(213): CodeIgniter\View\View->CodeIgniter\View\{closure}()
#3 C:\wamp64\www\urgtec\system\Common.php(1089): CodeIgniter\View\View->render('template/editar...', Array, true)
#4 C:\wamp64\www\urgtec\app\Views\urgtec.php(2): view('template/editar...')
#5 C:\wamp64\www\urgtec\system\View\View.php(210): include('C:\\wamp64\\www\\u...')
#6 C:\wamp64\www\urgtec\system\View\View.php(213): CodeIgniter\View\View->CodeIgniter\View\{closure}()
#7 C:\wamp64\www\urgtec\system\Common.php(1089): CodeIgniter\View\View->render('urgtec', Array, true)
#8 C:\wamp64\www\urgtec\app\Controllers\Urgtec.php(318): view('urgtec', Array)
#9 C:\wamp64\www\urgtec\system\CodeIgniter.php(832): App\Controllers\Urgtec->funcionario('34')
#10 C:\wamp64\www\urgtec\system\CodeIgniter.php(419): CodeIgniter\CodeIgniter->runController(Object(App\Controllers\Urgtec))
#11 C:\wamp64\www\urgtec\system\CodeIgniter.php(326): CodeIgniter\CodeIgniter->handleRequest(NULL, Object(Config\Cache), false)
#12 C:\wamp64\www\urgtec\index.php(37): CodeIgniter\CodeIgniter->run()
#13 {main}
CRITICAL - 2022-03-04 08:34:48 --> Undefined variable: departamento
#0 C:\wamp64\www\urgtec\app\Views\template\editarFuncionario.php(48): CodeIgniter\Debug\Exceptions->errorHandler(8, 'Undefined varia...', 'C:\\wamp64\\www\\u...', 48, Array)
#1 C:\wamp64\www\urgtec\system\View\View.php(210): include('C:\\wamp64\\www\\u...')
#2 C:\wamp64\www\urgtec\system\View\View.php(213): CodeIgniter\View\View->CodeIgniter\View\{closure}()
#3 C:\wamp64\www\urgtec\system\Common.php(1089): CodeIgniter\View\View->render('template/editar...', Array, true)
#4 C:\wamp64\www\urgtec\app\Views\urgtec.php(2): view('template/editar...')
#5 C:\wamp64\www\urgtec\system\View\View.php(210): include('C:\\wamp64\\www\\u...')
#6 C:\wamp64\www\urgtec\system\View\View.php(213): CodeIgniter\View\View->CodeIgniter\View\{closure}()
#7 C:\wamp64\www\urgtec\system\Common.php(1089): CodeIgniter\View\View->render('urgtec', Array, true)
#8 C:\wamp64\www\urgtec\app\Controllers\Urgtec.php(318): view('urgtec', Array)
#9 C:\wamp64\www\urgtec\system\CodeIgniter.php(832): App\Controllers\Urgtec->funcionario('34')
#10 C:\wamp64\www\urgtec\system\CodeIgniter.php(419): CodeIgniter\CodeIgniter->runController(Object(App\Controllers\Urgtec))
#11 C:\wamp64\www\urgtec\system\CodeIgniter.php(326): CodeIgniter\CodeIgniter->handleRequest(NULL, Object(Config\Cache), false)
#12 C:\wamp64\www\urgtec\index.php(37): CodeIgniter\CodeIgniter->run()
#13 {main}
CRITICAL - 2022-03-04 08:35:02 --> Trying to get property 'id_departamento' of non-object
#0 C:\wamp64\www\urgtec\app\Views\template\editarFuncionario.php(53): CodeIgniter\Debug\Exceptions->errorHandler(8, 'Trying to get p...', 'C:\\wamp64\\www\\u...', 53, Array)
#1 C:\wamp64\www\urgtec\system\View\View.php(210): include('C:\\wamp64\\www\\u...')
#2 C:\wamp64\www\urgtec\system\View\View.php(213): CodeIgniter\View\View->CodeIgniter\View\{closure}()
#3 C:\wamp64\www\urgtec\system\Common.php(1089): CodeIgniter\View\View->render('template/editar...', Array, true)
#4 C:\wamp64\www\urgtec\app\Views\urgtec.php(2): view('template/editar...')
#5 C:\wamp64\www\urgtec\system\View\View.php(210): include('C:\\wamp64\\www\\u...')
#6 C:\wamp64\www\urgtec\system\View\View.php(213): CodeIgniter\View\View->CodeIgniter\View\{closure}()
#7 C:\wamp64\www\urgtec\system\Common.php(1089): CodeIgniter\View\View->render('urgtec', Array, true)
#8 C:\wamp64\www\urgtec\app\Controllers\Urgtec.php(318): view('urgtec', Array)
#9 C:\wamp64\www\urgtec\system\CodeIgniter.php(832): App\Controllers\Urgtec->funcionario('34')
#10 C:\wamp64\www\urgtec\system\CodeIgniter.php(419): CodeIgniter\CodeIgniter->runController(Object(App\Controllers\Urgtec))
#11 C:\wamp64\www\urgtec\system\CodeIgniter.php(326): CodeIgniter\CodeIgniter->handleRequest(NULL, Object(Config\Cache), false)
#12 C:\wamp64\www\urgtec\index.php(37): CodeIgniter\CodeIgniter->run()
#13 {main}
CRITICAL - 2022-03-04 08:37:21 --> syntax error, unexpected ';'
#0 C:\wamp64\www\urgtec\system\View\View.php(213): CodeIgniter\View\View->CodeIgniter\View\{closure}()
#1 C:\wamp64\www\urgtec\system\Common.php(1089): CodeIgniter\View\View->render('template/editar...', Array, true)
#2 C:\wamp64\www\urgtec\app\Views\urgtec.php(2): view('template/editar...')
#3 C:\wamp64\www\urgtec\system\View\View.php(210): include('C:\\wamp64\\www\\u...')
#4 C:\wamp64\www\urgtec\system\View\View.php(213): CodeIgniter\View\View->CodeIgniter\View\{closure}()
#5 C:\wamp64\www\urgtec\system\Common.php(1089): CodeIgniter\View\View->render('urgtec', Array, true)
#6 C:\wamp64\www\urgtec\app\Controllers\Urgtec.php(319): view('urgtec', Array)
#7 C:\wamp64\www\urgtec\system\CodeIgniter.php(832): App\Controllers\Urgtec->funcionario('33')
#8 C:\wamp64\www\urgtec\system\CodeIgniter.php(419): CodeIgniter\CodeIgniter->runController(Object(App\Controllers\Urgtec))
#9 C:\wamp64\www\urgtec\system\CodeIgniter.php(326): CodeIgniter\CodeIgniter->handleRequest(NULL, Object(Config\Cache), false)
#10 C:\wamp64\www\urgtec\index.php(37): CodeIgniter\CodeIgniter->run()
#11 {main}
CRITICAL - 2022-03-04 08:40:46 --> syntax error, unexpected '?>'
#0 C:\wamp64\www\urgtec\system\View\View.php(213): CodeIgniter\View\View->CodeIgniter\View\{closure}()
#1 C:\wamp64\www\urgtec\system\Common.php(1089): CodeIgniter\View\View->render('template/editar...', Array, true)
#2 C:\wamp64\www\urgtec\app\Views\urgtec.php(2): view('template/editar...')
#3 C:\wamp64\www\urgtec\system\View\View.php(210): include('C:\\wamp64\\www\\u...')
#4 C:\wamp64\www\urgtec\system\View\View.php(213): CodeIgniter\View\View->CodeIgniter\View\{closure}()
#5 C:\wamp64\www\urgtec\system\Common.php(1089): CodeIgniter\View\View->render('urgtec', Array, true)
#6 C:\wamp64\www\urgtec\app\Controllers\Urgtec.php(319): view('urgtec', Array)
#7 C:\wamp64\www\urgtec\system\CodeIgniter.php(832): App\Controllers\Urgtec->funcionario('33')
#8 C:\wamp64\www\urgtec\system\CodeIgniter.php(419): CodeIgniter\CodeIgniter->runController(Object(App\Controllers\Urgtec))
#9 C:\wamp64\www\urgtec\system\CodeIgniter.php(326): CodeIgniter\CodeIgniter->handleRequest(NULL, Object(Config\Cache), false)
#10 C:\wamp64\www\urgtec\index.php(37): CodeIgniter\CodeIgniter->run()
#11 {main}
CRITICAL - 2022-03-04 08:48:57 --> Undefined variable: departamento
#0 C:\wamp64\www\urgtec\app\Controllers\Urgtec.php(345): CodeIgniter\Debug\Exceptions->errorHandler(8, 'Undefined varia...', 'C:\\wamp64\\www\\u...', 345, Array)
#1 C:\wamp64\www\urgtec\system\CodeIgniter.php(832): App\Controllers\Urgtec->EditarFuncionario()
#2 C:\wamp64\www\urgtec\system\CodeIgniter.php(419): CodeIgniter\CodeIgniter->runController(Object(App\Controllers\Urgtec))
#3 C:\wamp64\www\urgtec\system\CodeIgniter.php(326): CodeIgniter\CodeIgniter->handleRequest(NULL, Object(Config\Cache), false)
#4 C:\wamp64\www\urgtec\index.php(37): CodeIgniter\CodeIgniter->run()
#5 {main}
CRITICAL - 2022-03-04 08:48:57 --> Undefined variable: departamento
#0 C:\wamp64\www\urgtec\app\Controllers\Urgtec.php(345): CodeIgniter\Debug\Exceptions->errorHandler(8, 'Undefined varia...', 'C:\\wamp64\\www\\u...', 345, Array)
#1 C:\wamp64\www\urgtec\system\CodeIgniter.php(832): App\Controllers\Urgtec->EditarFuncionario()
#2 C:\wamp64\www\urgtec\system\CodeIgniter.php(419): CodeIgniter\CodeIgniter->runController(Object(App\Controllers\Urgtec))
#3 C:\wamp64\www\urgtec\system\CodeIgniter.php(326): CodeIgniter\CodeIgniter->handleRequest(NULL, Object(Config\Cache), false)
#4 C:\wamp64\www\urgtec\index.php(37): CodeIgniter\CodeIgniter->run()
#5 {main}
CRITICAL - 2022-03-04 09:58:35 --> Trying to get property 'id_departamento' of non-object
#0 C:\wamp64\www\urgtec\app\Views\template\editarFuncionario.php(50): CodeIgniter\Debug\Exceptions->errorHandler(8, 'Trying to get p...', 'C:\\wamp64\\www\\u...', 50, Array)
#1 C:\wamp64\www\urgtec\system\View\View.php(210): include('C:\\wamp64\\www\\u...')
#2 C:\wamp64\www\urgtec\system\View\View.php(213): CodeIgniter\View\View->CodeIgniter\View\{closure}()
#3 C:\wamp64\www\urgtec\system\Common.php(1089): CodeIgniter\View\View->render('template/editar...', Array, true)
#4 C:\wamp64\www\urgtec\app\Views\urgtec.php(2): view('template/editar...')
#5 C:\wamp64\www\urgtec\system\View\View.php(210): include('C:\\wamp64\\www\\u...')
#6 C:\wamp64\www\urgtec\system\View\View.php(213): CodeIgniter\View\View->CodeIgniter\View\{closure}()
#7 C:\wamp64\www\urgtec\system\Common.php(1089): CodeIgniter\View\View->render('urgtec', Array, true)
#8 C:\wamp64\www\urgtec\app\Controllers\Urgtec.php(319): view('urgtec', Array)
#9 C:\wamp64\www\urgtec\system\CodeIgniter.php(832): App\Controllers\Urgtec->funcionario('34')
#10 C:\wamp64\www\urgtec\system\CodeIgniter.php(419): CodeIgniter\CodeIgniter->runController(Object(App\Controllers\Urgtec))
#11 C:\wamp64\www\urgtec\system\CodeIgniter.php(326): CodeIgniter\CodeIgniter->handleRequest(NULL, Object(Config\Cache), false)
#12 C:\wamp64\www\urgtec\index.php(37): CodeIgniter\CodeIgniter->run()
#13 {main}
CRITICAL - 2022-03-04 09:59:45 --> Trying to get property 'id_departamento' of non-object
#0 C:\wamp64\www\urgtec\app\Views\template\editarFuncionario.php(50): CodeIgniter\Debug\Exceptions->errorHandler(8, 'Trying to get p...', 'C:\\wamp64\\www\\u...', 50, Array)
#1 C:\wamp64\www\urgtec\system\View\View.php(210): include('C:\\wamp64\\www\\u...')
#2 C:\wamp64\www\urgtec\system\View\View.php(213): CodeIgniter\View\View->CodeIgniter\View\{closure}()
#3 C:\wamp64\www\urgtec\system\Common.php(1089): CodeIgniter\View\View->render('template/editar...', Array, true)
#4 C:\wamp64\www\urgtec\app\Views\urgtec.php(2): view('template/editar...')
#5 C:\wamp64\www\urgtec\system\View\View.php(210): include('C:\\wamp64\\www\\u...')
#6 C:\wamp64\www\urgtec\system\View\View.php(213): CodeIgniter\View\View->CodeIgniter\View\{closure}()
#7 C:\wamp64\www\urgtec\system\Common.php(1089): CodeIgniter\View\View->render('urgtec', Array, true)
#8 C:\wamp64\www\urgtec\app\Controllers\Urgtec.php(319): view('urgtec', Array)
#9 C:\wamp64\www\urgtec\system\CodeIgniter.php(832): App\Controllers\Urgtec->funcionario('34')
#10 C:\wamp64\www\urgtec\system\CodeIgniter.php(419): CodeIgniter\CodeIgniter->runController(Object(App\Controllers\Urgtec))
#11 C:\wamp64\www\urgtec\system\CodeIgniter.php(326): CodeIgniter\CodeIgniter->handleRequest(NULL, Object(Config\Cache), false)
#12 C:\wamp64\www\urgtec\index.php(37): CodeIgniter\CodeIgniter->run()
#13 {main}
CRITICAL - 2022-03-04 09:59:47 --> Trying to get property 'id_departamento' of non-object
#0 C:\wamp64\www\urgtec\app\Views\template\editarFuncionario.php(50): CodeIgniter\Debug\Exceptions->errorHandler(8, 'Trying to get p...', 'C:\\wamp64\\www\\u...', 50, Array)
#1 C:\wamp64\www\urgtec\system\View\View.php(210): include('C:\\wamp64\\www\\u...')
#2 C:\wamp64\www\urgtec\system\View\View.php(213): CodeIgniter\View\View->CodeIgniter\View\{closure}()
#3 C:\wamp64\www\urgtec\system\Common.php(1089): CodeIgniter\View\View->render('template/editar...', Array, true)
#4 C:\wamp64\www\urgtec\app\Views\urgtec.php(2): view('template/editar...')
#5 C:\wamp64\www\urgtec\system\View\View.php(210): include('C:\\wamp64\\www\\u...')
#6 C:\wamp64\www\urgtec\system\View\View.php(213): CodeIgniter\View\View->CodeIgniter\View\{closure}()
#7 C:\wamp64\www\urgtec\system\Common.php(1089): CodeIgniter\View\View->render('urgtec', Array, true)
#8 C:\wamp64\www\urgtec\app\Controllers\Urgtec.php(319): view('urgtec', Array)
#9 C:\wamp64\www\urgtec\system\CodeIgniter.php(832): App\Controllers\Urgtec->funcionario('34')
#10 C:\wamp64\www\urgtec\system\CodeIgniter.php(419): CodeIgniter\CodeIgniter->runController(Object(App\Controllers\Urgtec))
#11 C:\wamp64\www\urgtec\system\CodeIgniter.php(326): CodeIgniter\CodeIgniter->handleRequest(NULL, Object(Config\Cache), false)
#12 C:\wamp64\www\urgtec\index.php(37): CodeIgniter\CodeIgniter->run()
#13 {main}
CRITICAL - 2022-03-04 10:11:19 --> syntax error, unexpected ''status'' (T_CONSTANT_ENCAPSED_STRING)
#0 C:\wamp64\www\urgtec\system\Autoloader\Autoloader.php(241): CodeIgniter\Autoloader\Autoloader->includeFile('C:\\wamp64\\www\\u...')
#1 C:\wamp64\www\urgtec\system\Autoloader\Autoloader.php(219): CodeIgniter\Autoloader\Autoloader->loadInNamespace('App\\Controllers...')
#2 [internal function]: CodeIgniter\Autoloader\Autoloader->loadClass('App\\Controllers...')
#3 [internal function]: spl_autoload_call('App\\Controllers...')
#4 C:\wamp64\www\urgtec\system\CodeIgniter.php(797): class_exists('\\App\\Controller...', true)
#5 C:\wamp64\www\urgtec\system\CodeIgniter.php(406): CodeIgniter\CodeIgniter->startController()
#6 C:\wamp64\www\urgtec\system\CodeIgniter.php(326): CodeIgniter\CodeIgniter->handleRequest(NULL, Object(Config\Cache), false)
#7 C:\wamp64\www\urgtec\index.php(37): CodeIgniter\CodeIgniter->run()
#8 {main}
CRITICAL - 2022-03-04 10:11:54 --> syntax error, unexpected '=>' (T_DOUBLE_ARROW)
#0 C:\wamp64\www\urgtec\system\Autoloader\Autoloader.php(241): CodeIgniter\Autoloader\Autoloader->includeFile('C:\\wamp64\\www\\u...')
#1 C:\wamp64\www\urgtec\system\Autoloader\Autoloader.php(219): CodeIgniter\Autoloader\Autoloader->loadInNamespace('App\\Controllers...')
#2 [internal function]: CodeIgniter\Autoloader\Autoloader->loadClass('App\\Controllers...')
#3 [internal function]: spl_autoload_call('App\\Controllers...')
#4 C:\wamp64\www\urgtec\system\CodeIgniter.php(797): class_exists('\\App\\Controller...', true)
#5 C:\wamp64\www\urgtec\system\CodeIgniter.php(406): CodeIgniter\CodeIgniter->startController()
#6 C:\wamp64\www\urgtec\system\CodeIgniter.php(326): CodeIgniter\CodeIgniter->handleRequest(NULL, Object(Config\Cache), false)
#7 C:\wamp64\www\urgtec\index.php(37): CodeIgniter\CodeIgniter->run()
#8 {main}
CRITICAL - 2022-03-04 10:12:49 --> syntax error, unexpected 'var_dump' (T_STRING)
#0 C:\wamp64\www\urgtec\system\Autoloader\Autoloader.php(241): CodeIgniter\Autoloader\Autoloader->includeFile('C:\\wamp64\\www\\u...')
#1 C:\wamp64\www\urgtec\system\Autoloader\Autoloader.php(219): CodeIgniter\Autoloader\Autoloader->loadInNamespace('App\\Controllers...')
#2 [internal function]: CodeIgniter\Autoloader\Autoloader->loadClass('App\\Controllers...')
#3 [internal function]: spl_autoload_call('App\\Controllers...')
#4 C:\wamp64\www\urgtec\system\CodeIgniter.php(797): class_exists('\\App\\Controller...', true)
#5 C:\wamp64\www\urgtec\system\CodeIgniter.php(406): CodeIgniter\CodeIgniter->startController()
#6 C:\wamp64\www\urgtec\system\CodeIgniter.php(326): CodeIgniter\CodeIgniter->handleRequest(NULL, Object(Config\Cache), false)
#7 C:\wamp64\www\urgtec\index.php(37): CodeIgniter\CodeIgniter->run()
#8 {main}
CRITICAL - 2022-03-04 10:28:21 --> syntax error, unexpected ':'
#0 C:\wamp64\www\urgtec\system\View\View.php(213): CodeIgniter\View\View->CodeIgniter\View\{closure}()
#1 C:\wamp64\www\urgtec\system\Common.php(1089): CodeIgniter\View\View->render('template/cadast...', Array, true)
#2 C:\wamp64\www\urgtec\app\Views\urgtec.php(2): view('template/cadast...')
#3 C:\wamp64\www\urgtec\system\View\View.php(210): include('C:\\wamp64\\www\\u...')
#4 C:\wamp64\www\urgtec\system\View\View.php(213): CodeIgniter\View\View->CodeIgniter\View\{closure}()
#5 C:\wamp64\www\urgtec\system\Common.php(1089): CodeIgniter\View\View->render('urgtec', Array, true)
#6 C:\wamp64\www\urgtec\app\Controllers\Urgtec.php(74): view('urgtec', Array)
#7 C:\wamp64\www\urgtec\system\CodeIgniter.php(832): App\Controllers\Urgtec->CadastrarFuncionario()
#8 C:\wamp64\www\urgtec\system\CodeIgniter.php(419): CodeIgniter\CodeIgniter->runController(Object(App\Controllers\Urgtec))
#9 C:\wamp64\www\urgtec\system\CodeIgniter.php(326): CodeIgniter\CodeIgniter->handleRequest(NULL, Object(Config\Cache), false)
#10 C:\wamp64\www\urgtec\index.php(37): CodeIgniter\CodeIgniter->run()
#11 {main}
CRITICAL - 2022-03-04 10:38:07 --> Undefined variable: a
#0 C:\wamp64\www\urgtec\app\Views\estrutura\footer.php(4): CodeIgniter\Debug\Exceptions->errorHandler(8, 'Undefined varia...', 'C:\\wamp64\\www\\u...', 4, Array)
#1 C:\wamp64\www\urgtec\system\View\View.php(210): include('C:\\wamp64\\www\\u...')
#2 C:\wamp64\www\urgtec\system\View\View.php(213): CodeIgniter\View\View->CodeIgniter\View\{closure}()
#3 C:\wamp64\www\urgtec\system\Common.php(1089): CodeIgniter\View\View->render('estrutura/foote...', Array, true)
#4 C:\wamp64\www\urgtec\app\Views\urgtec.php(3): view('estrutura/foote...')
#5 C:\wamp64\www\urgtec\system\View\View.php(210): include('C:\\wamp64\\www\\u...')
#6 C:\wamp64\www\urgtec\system\View\View.php(213): CodeIgniter\View\View->CodeIgniter\View\{closure}()
#7 C:\wamp64\www\urgtec\system\Common.php(1089): CodeIgniter\View\View->render('urgtec', Array, true)
#8 C:\wamp64\www\urgtec\app\Controllers\Urgtec.php(21): view('urgtec', Array)
#9 C:\wamp64\www\urgtec\system\CodeIgniter.php(832): App\Controllers\Urgtec->index()
#10 C:\wamp64\www\urgtec\system\CodeIgniter.php(419): CodeIgniter\CodeIgniter->runController(Object(App\Controllers\Urgtec))
#11 C:\wamp64\www\urgtec\system\CodeIgniter.php(326): CodeIgniter\CodeIgniter->handleRequest(NULL, Object(Config\Cache), false)
#12 C:\wamp64\www\urgtec\index.php(37): CodeIgniter\CodeIgniter->run()
#13 {main}
