CRITICAL - 2022-03-05 07:36:55 --> syntax error, unexpected '" class="' (T_CONSTANT_ENCAPSED_STRING), expecting ';' or ','
#0 C:\wamp64\www\urgtec\system\View\View.php(213): CodeIgniter\View\View->CodeIgniter\View\{closure}()
#1 C:\wamp64\www\urgtec\system\Common.php(1089): CodeIgniter\View\View->render('template/cadast...', Array, true)
#2 C:\wamp64\www\urgtec\app\Views\urgtec.php(2): view('template/cadast...')
#3 C:\wamp64\www\urgtec\system\View\View.php(210): include('C:\\wamp64\\www\\u...')
#4 C:\wamp64\www\urgtec\system\View\View.php(213): CodeIgniter\View\View->CodeIgniter\View\{closure}()
#5 C:\wamp64\www\urgtec\system\Common.php(1089): CodeIgniter\View\View->render('urgtec', Array, true)
#6 C:\wamp64\www\urgtec\app\Controllers\Urgtec.php(73): view('urgtec', Array)
#7 C:\wamp64\www\urgtec\system\CodeIgniter.php(832): App\Controllers\Urgtec->CadastrarFuncionario()
#8 C:\wamp64\www\urgtec\system\CodeIgniter.php(419): CodeIgniter\CodeIgniter->runController(Object(App\Controllers\Urgtec))
#9 C:\wamp64\www\urgtec\system\CodeIgniter.php(326): CodeIgniter\CodeIgniter->handleRequest(NULL, Object(Config\Cache), false)
#10 C:\wamp64\www\urgtec\index.php(37): CodeIgniter\CodeIgniter->run()
#11 {main}
CRITICAL - 2022-03-05 07:37:02 --> syntax error, unexpected '" class="' (T_CONSTANT_ENCAPSED_STRING), expecting ';' or ','
#0 C:\wamp64\www\urgtec\system\View\View.php(213): CodeIgniter\View\View->CodeIgniter\View\{closure}()
#1 C:\wamp64\www\urgtec\system\Common.php(1089): CodeIgniter\View\View->render('template/cadast...', Array, true)
#2 C:\wamp64\www\urgtec\app\Views\urgtec.php(2): view('template/cadast...')
#3 C:\wamp64\www\urgtec\system\View\View.php(210): include('C:\\wamp64\\www\\u...')
#4 C:\wamp64\www\urgtec\system\View\View.php(213): CodeIgniter\View\View->CodeIgniter\View\{closure}()
#5 C:\wamp64\www\urgtec\system\Common.php(1089): CodeIgniter\View\View->render('urgtec', Array, true)
#6 C:\wamp64\www\urgtec\app\Controllers\Urgtec.php(73): view('urgtec', Array)
#7 C:\wamp64\www\urgtec\system\CodeIgniter.php(832): App\Controllers\Urgtec->CadastrarFuncionario()
#8 C:\wamp64\www\urgtec\system\CodeIgniter.php(419): CodeIgniter\CodeIgniter->runController(Object(App\Controllers\Urgtec))
#9 C:\wamp64\www\urgtec\system\CodeIgniter.php(326): CodeIgniter\CodeIgniter->handleRequest(NULL, Object(Config\Cache), false)
#10 C:\wamp64\www\urgtec\index.php(37): CodeIgniter\CodeIgniter->run()
#11 {main}
CRITICAL - 2022-03-05 07:37:17 --> Undefined property: CodeIgniter\View\View::$session
#0 C:\wamp64\www\urgtec\app\Views\template\cadastroFuncionario.php(20): CodeIgniter\Debug\Exceptions->errorHandler(8, 'Undefined prope...', 'C:\\wamp64\\www\\u...', 20, Array)
#1 C:\wamp64\www\urgtec\system\View\View.php(210): include('C:\\wamp64\\www\\u...')
#2 C:\wamp64\www\urgtec\system\View\View.php(213): CodeIgniter\View\View->CodeIgniter\View\{closure}()
#3 C:\wamp64\www\urgtec\system\Common.php(1089): CodeIgniter\View\View->render('template/cadast...', Array, true)
#4 C:\wamp64\www\urgtec\app\Views\urgtec.php(2): view('template/cadast...')
#5 C:\wamp64\www\urgtec\system\View\View.php(210): include('C:\\wamp64\\www\\u...')
#6 C:\wamp64\www\urgtec\system\View\View.php(213): CodeIgniter\View\View->CodeIgniter\View\{closure}()
#7 C:\wamp64\www\urgtec\system\Common.php(1089): CodeIgniter\View\View->render('urgtec', Array, true)
#8 C:\wamp64\www\urgtec\app\Controllers\Urgtec.php(73): view('urgtec', Array)
#9 C:\wamp64\www\urgtec\system\CodeIgniter.php(832): App\Controllers\Urgtec->CadastrarFuncionario()
#10 C:\wamp64\www\urgtec\system\CodeIgniter.php(419): CodeIgniter\CodeIgniter->runController(Object(App\Controllers\Urgtec))
#11 C:\wamp64\www\urgtec\system\CodeIgniter.php(326): CodeIgniter\CodeIgniter->handleRequest(NULL, Object(Config\Cache), false)
#12 C:\wamp64\www\urgtec\index.php(37): CodeIgniter\CodeIgniter->run()
#13 {main}
CRITICAL - 2022-03-05 07:38:28 --> Undefined property: CodeIgniter\View\View::$session
#0 C:\wamp64\www\urgtec\app\Views\template\cadastroFuncionario.php(20): CodeIgniter\Debug\Exceptions->errorHandler(8, 'Undefined prope...', 'C:\\wamp64\\www\\u...', 20, Array)
#1 C:\wamp64\www\urgtec\system\View\View.php(210): include('C:\\wamp64\\www\\u...')
#2 C:\wamp64\www\urgtec\system\View\View.php(213): CodeIgniter\View\View->CodeIgniter\View\{closure}()
#3 C:\wamp64\www\urgtec\system\Common.php(1089): CodeIgniter\View\View->render('template/cadast...', Array, true)
#4 C:\wamp64\www\urgtec\app\Views\urgtec.php(2): view('template/cadast...')
#5 C:\wamp64\www\urgtec\system\View\View.php(210): include('C:\\wamp64\\www\\u...')
#6 C:\wamp64\www\urgtec\system\View\View.php(213): CodeIgniter\View\View->CodeIgniter\View\{closure}()
#7 C:\wamp64\www\urgtec\system\Common.php(1089): CodeIgniter\View\View->render('urgtec', Array, true)
#8 C:\wamp64\www\urgtec\app\Controllers\Urgtec.php(74): view('urgtec', Array)
#9 C:\wamp64\www\urgtec\system\CodeIgniter.php(832): App\Controllers\Urgtec->CadastrarFuncionario()
#10 C:\wamp64\www\urgtec\system\CodeIgniter.php(419): CodeIgniter\CodeIgniter->runController(Object(App\Controllers\Urgtec))
#11 C:\wamp64\www\urgtec\system\CodeIgniter.php(326): CodeIgniter\CodeIgniter->handleRequest(NULL, Object(Config\Cache), false)
#12 C:\wamp64\www\urgtec\index.php(37): CodeIgniter\CodeIgniter->run()
#13 {main}
CRITICAL - 2022-03-05 07:38:29 --> Undefined property: CodeIgniter\View\View::$session
#0 C:\wamp64\www\urgtec\app\Views\template\cadastroFuncionario.php(20): CodeIgniter\Debug\Exceptions->errorHandler(8, 'Undefined prope...', 'C:\\wamp64\\www\\u...', 20, Array)
#1 C:\wamp64\www\urgtec\system\View\View.php(210): include('C:\\wamp64\\www\\u...')
#2 C:\wamp64\www\urgtec\system\View\View.php(213): CodeIgniter\View\View->CodeIgniter\View\{closure}()
#3 C:\wamp64\www\urgtec\system\Common.php(1089): CodeIgniter\View\View->render('template/cadast...', Array, true)
#4 C:\wamp64\www\urgtec\app\Views\urgtec.php(2): view('template/cadast...')
#5 C:\wamp64\www\urgtec\system\View\View.php(210): include('C:\\wamp64\\www\\u...')
#6 C:\wamp64\www\urgtec\system\View\View.php(213): CodeIgniter\View\View->CodeIgniter\View\{closure}()
#7 C:\wamp64\www\urgtec\system\Common.php(1089): CodeIgniter\View\View->render('urgtec', Array, true)
#8 C:\wamp64\www\urgtec\app\Controllers\Urgtec.php(74): view('urgtec', Array)
#9 C:\wamp64\www\urgtec\system\CodeIgniter.php(832): App\Controllers\Urgtec->CadastrarFuncionario()
#10 C:\wamp64\www\urgtec\system\CodeIgniter.php(419): CodeIgniter\CodeIgniter->runController(Object(App\Controllers\Urgtec))
#11 C:\wamp64\www\urgtec\system\CodeIgniter.php(326): CodeIgniter\CodeIgniter->handleRequest(NULL, Object(Config\Cache), false)
#12 C:\wamp64\www\urgtec\index.php(37): CodeIgniter\CodeIgniter->run()
#13 {main}
CRITICAL - 2022-03-05 07:38:31 --> Undefined property: CodeIgniter\View\View::$session
#0 C:\wamp64\www\urgtec\app\Views\template\cadastroFuncionario.php(20): CodeIgniter\Debug\Exceptions->errorHandler(8, 'Undefined prope...', 'C:\\wamp64\\www\\u...', 20, Array)
#1 C:\wamp64\www\urgtec\system\View\View.php(210): include('C:\\wamp64\\www\\u...')
#2 C:\wamp64\www\urgtec\system\View\View.php(213): CodeIgniter\View\View->CodeIgniter\View\{closure}()
#3 C:\wamp64\www\urgtec\system\Common.php(1089): CodeIgniter\View\View->render('template/cadast...', Array, true)
#4 C:\wamp64\www\urgtec\app\Views\urgtec.php(2): view('template/cadast...')
#5 C:\wamp64\www\urgtec\system\View\View.php(210): include('C:\\wamp64\\www\\u...')
#6 C:\wamp64\www\urgtec\system\View\View.php(213): CodeIgniter\View\View->CodeIgniter\View\{closure}()
#7 C:\wamp64\www\urgtec\system\Common.php(1089): CodeIgniter\View\View->render('urgtec', Array, true)
#8 C:\wamp64\www\urgtec\app\Controllers\Urgtec.php(74): view('urgtec', Array)
#9 C:\wamp64\www\urgtec\system\CodeIgniter.php(832): App\Controllers\Urgtec->CadastrarFuncionario()
#10 C:\wamp64\www\urgtec\system\CodeIgniter.php(419): CodeIgniter\CodeIgniter->runController(Object(App\Controllers\Urgtec))
#11 C:\wamp64\www\urgtec\system\CodeIgniter.php(326): CodeIgniter\CodeIgniter->handleRequest(NULL, Object(Config\Cache), false)
#12 C:\wamp64\www\urgtec\index.php(37): CodeIgniter\CodeIgniter->run()
#13 {main}
CRITICAL - 2022-03-05 07:38:33 --> Undefined property: CodeIgniter\View\View::$session
#0 C:\wamp64\www\urgtec\app\Views\template\cadastroFuncionario.php(20): CodeIgniter\Debug\Exceptions->errorHandler(8, 'Undefined prope...', 'C:\\wamp64\\www\\u...', 20, Array)
#1 C:\wamp64\www\urgtec\system\View\View.php(210): include('C:\\wamp64\\www\\u...')
#2 C:\wamp64\www\urgtec\system\View\View.php(213): CodeIgniter\View\View->CodeIgniter\View\{closure}()
#3 C:\wamp64\www\urgtec\system\Common.php(1089): CodeIgniter\View\View->render('template/cadast...', Array, true)
#4 C:\wamp64\www\urgtec\app\Views\urgtec.php(2): view('template/cadast...')
#5 C:\wamp64\www\urgtec\system\View\View.php(210): include('C:\\wamp64\\www\\u...')
#6 C:\wamp64\www\urgtec\system\View\View.php(213): CodeIgniter\View\View->CodeIgniter\View\{closure}()
#7 C:\wamp64\www\urgtec\system\Common.php(1089): CodeIgniter\View\View->render('urgtec', Array, true)
#8 C:\wamp64\www\urgtec\app\Controllers\Urgtec.php(74): view('urgtec', Array)
#9 C:\wamp64\www\urgtec\system\CodeIgniter.php(832): App\Controllers\Urgtec->CadastrarFuncionario()
#10 C:\wamp64\www\urgtec\system\CodeIgniter.php(419): CodeIgniter\CodeIgniter->runController(Object(App\Controllers\Urgtec))
#11 C:\wamp64\www\urgtec\system\CodeIgniter.php(326): CodeIgniter\CodeIgniter->handleRequest(NULL, Object(Config\Cache), false)
#12 C:\wamp64\www\urgtec\index.php(37): CodeIgniter\CodeIgniter->run()
#13 {main}
CRITICAL - 2022-03-05 07:38:33 --> Undefined property: CodeIgniter\View\View::$session
#0 C:\wamp64\www\urgtec\app\Views\template\cadastroFuncionario.php(20): CodeIgniter\Debug\Exceptions->errorHandler(8, 'Undefined prope...', 'C:\\wamp64\\www\\u...', 20, Array)
#1 C:\wamp64\www\urgtec\system\View\View.php(210): include('C:\\wamp64\\www\\u...')
#2 C:\wamp64\www\urgtec\system\View\View.php(213): CodeIgniter\View\View->CodeIgniter\View\{closure}()
#3 C:\wamp64\www\urgtec\system\Common.php(1089): CodeIgniter\View\View->render('template/cadast...', Array, true)
#4 C:\wamp64\www\urgtec\app\Views\urgtec.php(2): view('template/cadast...')
#5 C:\wamp64\www\urgtec\system\View\View.php(210): include('C:\\wamp64\\www\\u...')
#6 C:\wamp64\www\urgtec\system\View\View.php(213): CodeIgniter\View\View->CodeIgniter\View\{closure}()
#7 C:\wamp64\www\urgtec\system\Common.php(1089): CodeIgniter\View\View->render('urgtec', Array, true)
#8 C:\wamp64\www\urgtec\app\Controllers\Urgtec.php(74): view('urgtec', Array)
#9 C:\wamp64\www\urgtec\system\CodeIgniter.php(832): App\Controllers\Urgtec->CadastrarFuncionario()
#10 C:\wamp64\www\urgtec\system\CodeIgniter.php(419): CodeIgniter\CodeIgniter->runController(Object(App\Controllers\Urgtec))
#11 C:\wamp64\www\urgtec\system\CodeIgniter.php(326): CodeIgniter\CodeIgniter->handleRequest(NULL, Object(Config\Cache), false)
#12 C:\wamp64\www\urgtec\index.php(37): CodeIgniter\CodeIgniter->run()
#13 {main}
CRITICAL - 2022-03-05 07:38:36 --> Undefined property: CodeIgniter\View\View::$session
#0 C:\wamp64\www\urgtec\app\Views\template\cadastroFuncionario.php(20): CodeIgniter\Debug\Exceptions->errorHandler(8, 'Undefined prope...', 'C:\\wamp64\\www\\u...', 20, Array)
#1 C:\wamp64\www\urgtec\system\View\View.php(210): include('C:\\wamp64\\www\\u...')
#2 C:\wamp64\www\urgtec\system\View\View.php(213): CodeIgniter\View\View->CodeIgniter\View\{closure}()
#3 C:\wamp64\www\urgtec\system\Common.php(1089): CodeIgniter\View\View->render('template/cadast...', Array, true)
#4 C:\wamp64\www\urgtec\app\Views\urgtec.php(2): view('template/cadast...')
#5 C:\wamp64\www\urgtec\system\View\View.php(210): include('C:\\wamp64\\www\\u...')
#6 C:\wamp64\www\urgtec\system\View\View.php(213): CodeIgniter\View\View->CodeIgniter\View\{closure}()
#7 C:\wamp64\www\urgtec\system\Common.php(1089): CodeIgniter\View\View->render('urgtec', Array, true)
#8 C:\wamp64\www\urgtec\app\Controllers\Urgtec.php(74): view('urgtec', Array)
#9 C:\wamp64\www\urgtec\system\CodeIgniter.php(832): App\Controllers\Urgtec->CadastrarFuncionario()
#10 C:\wamp64\www\urgtec\system\CodeIgniter.php(419): CodeIgniter\CodeIgniter->runController(Object(App\Controllers\Urgtec))
#11 C:\wamp64\www\urgtec\system\CodeIgniter.php(326): CodeIgniter\CodeIgniter->handleRequest(NULL, Object(Config\Cache), false)
#12 C:\wamp64\www\urgtec\index.php(37): CodeIgniter\CodeIgniter->run()
#13 {main}
CRITICAL - 2022-03-05 07:39:43 --> Undefined variable: nome
#0 C:\wamp64\www\urgtec\app\Views\template\cadastroFuncionario.php(20): CodeIgniter\Debug\Exceptions->errorHandler(8, 'Undefined varia...', 'C:\\wamp64\\www\\u...', 20, Array)
#1 C:\wamp64\www\urgtec\system\View\View.php(210): include('C:\\wamp64\\www\\u...')
#2 C:\wamp64\www\urgtec\system\View\View.php(213): CodeIgniter\View\View->CodeIgniter\View\{closure}()
#3 C:\wamp64\www\urgtec\system\Common.php(1089): CodeIgniter\View\View->render('template/cadast...', Array, true)
#4 C:\wamp64\www\urgtec\app\Views\urgtec.php(2): view('template/cadast...')
#5 C:\wamp64\www\urgtec\system\View\View.php(210): include('C:\\wamp64\\www\\u...')
#6 C:\wamp64\www\urgtec\system\View\View.php(213): CodeIgniter\View\View->CodeIgniter\View\{closure}()
#7 C:\wamp64\www\urgtec\system\Common.php(1089): CodeIgniter\View\View->render('urgtec', Array, true)
#8 C:\wamp64\www\urgtec\app\Controllers\Urgtec.php(74): view('urgtec', Array)
#9 C:\wamp64\www\urgtec\system\CodeIgniter.php(832): App\Controllers\Urgtec->CadastrarFuncionario()
#10 C:\wamp64\www\urgtec\system\CodeIgniter.php(419): CodeIgniter\CodeIgniter->runController(Object(App\Controllers\Urgtec))
#11 C:\wamp64\www\urgtec\system\CodeIgniter.php(326): CodeIgniter\CodeIgniter->handleRequest(NULL, Object(Config\Cache), false)
#12 C:\wamp64\www\urgtec\index.php(37): CodeIgniter\CodeIgniter->run()
#13 {main}
CRITICAL - 2022-03-05 07:39:48 --> Undefined variable: nome
#0 C:\wamp64\www\urgtec\app\Views\template\cadastroFuncionario.php(20): CodeIgniter\Debug\Exceptions->errorHandler(8, 'Undefined varia...', 'C:\\wamp64\\www\\u...', 20, Array)
#1 C:\wamp64\www\urgtec\system\View\View.php(210): include('C:\\wamp64\\www\\u...')
#2 C:\wamp64\www\urgtec\system\View\View.php(213): CodeIgniter\View\View->CodeIgniter\View\{closure}()
#3 C:\wamp64\www\urgtec\system\Common.php(1089): CodeIgniter\View\View->render('template/cadast...', Array, true)
#4 C:\wamp64\www\urgtec\app\Views\urgtec.php(2): view('template/cadast...')
#5 C:\wamp64\www\urgtec\system\View\View.php(210): include('C:\\wamp64\\www\\u...')
#6 C:\wamp64\www\urgtec\system\View\View.php(213): CodeIgniter\View\View->CodeIgniter\View\{closure}()
#7 C:\wamp64\www\urgtec\system\Common.php(1089): CodeIgniter\View\View->render('urgtec', Array, true)
#8 C:\wamp64\www\urgtec\app\Controllers\Urgtec.php(74): view('urgtec', Array)
#9 C:\wamp64\www\urgtec\system\CodeIgniter.php(832): App\Controllers\Urgtec->CadastrarFuncionario()
#10 C:\wamp64\www\urgtec\system\CodeIgniter.php(419): CodeIgniter\CodeIgniter->runController(Object(App\Controllers\Urgtec))
#11 C:\wamp64\www\urgtec\system\CodeIgniter.php(326): CodeIgniter\CodeIgniter->handleRequest(NULL, Object(Config\Cache), false)
#12 C:\wamp64\www\urgtec\index.php(37): CodeIgniter\CodeIgniter->run()
#13 {main}
CRITICAL - 2022-03-05 07:39:50 --> Undefined variable: nome
#0 C:\wamp64\www\urgtec\app\Views\template\cadastroFuncionario.php(20): CodeIgniter\Debug\Exceptions->errorHandler(8, 'Undefined varia...', 'C:\\wamp64\\www\\u...', 20, Array)
#1 C:\wamp64\www\urgtec\system\View\View.php(210): include('C:\\wamp64\\www\\u...')
#2 C:\wamp64\www\urgtec\system\View\View.php(213): CodeIgniter\View\View->CodeIgniter\View\{closure}()
#3 C:\wamp64\www\urgtec\system\Common.php(1089): CodeIgniter\View\View->render('template/cadast...', Array, true)
#4 C:\wamp64\www\urgtec\app\Views\urgtec.php(2): view('template/cadast...')
#5 C:\wamp64\www\urgtec\system\View\View.php(210): include('C:\\wamp64\\www\\u...')
#6 C:\wamp64\www\urgtec\system\View\View.php(213): CodeIgniter\View\View->CodeIgniter\View\{closure}()
#7 C:\wamp64\www\urgtec\system\Common.php(1089): CodeIgniter\View\View->render('urgtec', Array, true)
#8 C:\wamp64\www\urgtec\app\Controllers\Urgtec.php(74): view('urgtec', Array)
#9 C:\wamp64\www\urgtec\system\CodeIgniter.php(832): App\Controllers\Urgtec->CadastrarFuncionario()
#10 C:\wamp64\www\urgtec\system\CodeIgniter.php(419): CodeIgniter\CodeIgniter->runController(Object(App\Controllers\Urgtec))
#11 C:\wamp64\www\urgtec\system\CodeIgniter.php(326): CodeIgniter\CodeIgniter->handleRequest(NULL, Object(Config\Cache), false)
#12 C:\wamp64\www\urgtec\index.php(37): CodeIgniter\CodeIgniter->run()
#13 {main}
CRITICAL - 2022-03-05 07:42:41 --> Undefined variable: email
#0 C:\wamp64\www\urgtec\app\Views\template\cadastroFuncionario.php(23): CodeIgniter\Debug\Exceptions->errorHandler(8, 'Undefined varia...', 'C:\\wamp64\\www\\u...', 23, Array)
#1 C:\wamp64\www\urgtec\system\View\View.php(210): include('C:\\wamp64\\www\\u...')
#2 C:\wamp64\www\urgtec\system\View\View.php(213): CodeIgniter\View\View->CodeIgniter\View\{closure}()
#3 C:\wamp64\www\urgtec\system\Common.php(1089): CodeIgniter\View\View->render('template/cadast...', Array, true)
#4 C:\wamp64\www\urgtec\app\Views\urgtec.php(2): view('template/cadast...')
#5 C:\wamp64\www\urgtec\system\View\View.php(210): include('C:\\wamp64\\www\\u...')
#6 C:\wamp64\www\urgtec\system\View\View.php(213): CodeIgniter\View\View->CodeIgniter\View\{closure}()
#7 C:\wamp64\www\urgtec\system\Common.php(1089): CodeIgniter\View\View->render('urgtec', Array, true)
#8 C:\wamp64\www\urgtec\app\Controllers\Urgtec.php(77): view('urgtec', Array)
#9 C:\wamp64\www\urgtec\system\CodeIgniter.php(832): App\Controllers\Urgtec->CadastrarFuncionario()
#10 C:\wamp64\www\urgtec\system\CodeIgniter.php(419): CodeIgniter\CodeIgniter->runController(Object(App\Controllers\Urgtec))
#11 C:\wamp64\www\urgtec\system\CodeIgniter.php(326): CodeIgniter\CodeIgniter->handleRequest(NULL, Object(Config\Cache), false)
#12 C:\wamp64\www\urgtec\index.php(37): CodeIgniter\CodeIgniter->run()
#13 {main}
CRITICAL - 2022-03-05 07:42:50 --> Undefined variable: email
#0 C:\wamp64\www\urgtec\app\Views\template\cadastroFuncionario.php(23): CodeIgniter\Debug\Exceptions->errorHandler(8, 'Undefined varia...', 'C:\\wamp64\\www\\u...', 23, Array)
#1 C:\wamp64\www\urgtec\system\View\View.php(210): include('C:\\wamp64\\www\\u...')
#2 C:\wamp64\www\urgtec\system\View\View.php(213): CodeIgniter\View\View->CodeIgniter\View\{closure}()
#3 C:\wamp64\www\urgtec\system\Common.php(1089): CodeIgniter\View\View->render('template/cadast...', Array, true)
#4 C:\wamp64\www\urgtec\app\Views\urgtec.php(2): view('template/cadast...')
#5 C:\wamp64\www\urgtec\system\View\View.php(210): include('C:\\wamp64\\www\\u...')
#6 C:\wamp64\www\urgtec\system\View\View.php(213): CodeIgniter\View\View->CodeIgniter\View\{closure}()
#7 C:\wamp64\www\urgtec\system\Common.php(1089): CodeIgniter\View\View->render('urgtec', Array, true)
#8 C:\wamp64\www\urgtec\app\Controllers\Urgtec.php(78): view('urgtec', Array)
#9 C:\wamp64\www\urgtec\system\CodeIgniter.php(832): App\Controllers\Urgtec->CadastrarFuncionario()
#10 C:\wamp64\www\urgtec\system\CodeIgniter.php(419): CodeIgniter\CodeIgniter->runController(Object(App\Controllers\Urgtec))
#11 C:\wamp64\www\urgtec\system\CodeIgniter.php(326): CodeIgniter\CodeIgniter->handleRequest(NULL, Object(Config\Cache), false)
#12 C:\wamp64\www\urgtec\index.php(37): CodeIgniter\CodeIgniter->run()
#13 {main}
CRITICAL - 2022-03-05 07:47:21 --> Undefined variable: funcionario
#0 C:\wamp64\www\urgtec\app\Views\template\cadastroFuncionario.php(50): CodeIgniter\Debug\Exceptions->errorHandler(8, 'Undefined varia...', 'C:\\wamp64\\www\\u...', 50, Array)
#1 C:\wamp64\www\urgtec\system\View\View.php(210): include('C:\\wamp64\\www\\u...')
#2 C:\wamp64\www\urgtec\system\View\View.php(213): CodeIgniter\View\View->CodeIgniter\View\{closure}()
#3 C:\wamp64\www\urgtec\system\Common.php(1089): CodeIgniter\View\View->render('template/cadast...', Array, true)
#4 C:\wamp64\www\urgtec\app\Views\urgtec.php(2): view('template/cadast...')
#5 C:\wamp64\www\urgtec\system\View\View.php(210): include('C:\\wamp64\\www\\u...')
#6 C:\wamp64\www\urgtec\system\View\View.php(213): CodeIgniter\View\View->CodeIgniter\View\{closure}()
#7 C:\wamp64\www\urgtec\system\Common.php(1089): CodeIgniter\View\View->render('urgtec', Array, true)
#8 C:\wamp64\www\urgtec\app\Controllers\Urgtec.php(82): view('urgtec', Array)
#9 C:\wamp64\www\urgtec\system\CodeIgniter.php(832): App\Controllers\Urgtec->CadastrarFuncionario()
#10 C:\wamp64\www\urgtec\system\CodeIgniter.php(419): CodeIgniter\CodeIgniter->runController(Object(App\Controllers\Urgtec))
#11 C:\wamp64\www\urgtec\system\CodeIgniter.php(326): CodeIgniter\CodeIgniter->handleRequest(NULL, Object(Config\Cache), false)
#12 C:\wamp64\www\urgtec\index.php(37): CodeIgniter\CodeIgniter->run()
#13 {main}
CRITICAL - 2022-03-05 08:00:41 --> syntax error, unexpected '<'
#0 C:\wamp64\www\urgtec\system\View\View.php(213): CodeIgniter\View\View->CodeIgniter\View\{closure}()
#1 C:\wamp64\www\urgtec\system\Common.php(1089): CodeIgniter\View\View->render('template/editar...', Array, true)
#2 C:\wamp64\www\urgtec\app\Views\urgtec.php(2): view('template/editar...')
#3 C:\wamp64\www\urgtec\system\View\View.php(210): include('C:\\wamp64\\www\\u...')
#4 C:\wamp64\www\urgtec\system\View\View.php(213): CodeIgniter\View\View->CodeIgniter\View\{closure}()
#5 C:\wamp64\www\urgtec\system\Common.php(1089): CodeIgniter\View\View->render('urgtec', Array, true)
#6 C:\wamp64\www\urgtec\app\Controllers\Urgtec.php(328): view('urgtec', Array)
#7 C:\wamp64\www\urgtec\system\CodeIgniter.php(832): App\Controllers\Urgtec->funcionario('29')
#8 C:\wamp64\www\urgtec\system\CodeIgniter.php(419): CodeIgniter\CodeIgniter->runController(Object(App\Controllers\Urgtec))
#9 C:\wamp64\www\urgtec\system\CodeIgniter.php(326): CodeIgniter\CodeIgniter->handleRequest(NULL, Object(Config\Cache), false)
#10 C:\wamp64\www\urgtec\index.php(37): CodeIgniter\CodeIgniter->run()
#11 {main}
CRITICAL - 2022-03-05 08:02:08 --> syntax error, unexpected '<'
#0 C:\wamp64\www\urgtec\system\View\View.php(213): CodeIgniter\View\View->CodeIgniter\View\{closure}()
#1 C:\wamp64\www\urgtec\system\Common.php(1089): CodeIgniter\View\View->render('template/editar...', Array, true)
#2 C:\wamp64\www\urgtec\app\Views\urgtec.php(2): view('template/editar...')
#3 C:\wamp64\www\urgtec\system\View\View.php(210): include('C:\\wamp64\\www\\u...')
#4 C:\wamp64\www\urgtec\system\View\View.php(213): CodeIgniter\View\View->CodeIgniter\View\{closure}()
#5 C:\wamp64\www\urgtec\system\Common.php(1089): CodeIgniter\View\View->render('urgtec', Array, true)
#6 C:\wamp64\www\urgtec\app\Controllers\Urgtec.php(341): view('urgtec', Array)
#7 C:\wamp64\www\urgtec\system\CodeIgniter.php(832): App\Controllers\Urgtec->funcionario('29')
#8 C:\wamp64\www\urgtec\system\CodeIgniter.php(419): CodeIgniter\CodeIgniter->runController(Object(App\Controllers\Urgtec))
#9 C:\wamp64\www\urgtec\system\CodeIgniter.php(326): CodeIgniter\CodeIgniter->handleRequest(NULL, Object(Config\Cache), false)
#10 C:\wamp64\www\urgtec\index.php(37): CodeIgniter\CodeIgniter->run()
#11 {main}
CRITICAL - 2022-03-05 08:02:09 --> syntax error, unexpected '<'
#0 C:\wamp64\www\urgtec\system\View\View.php(213): CodeIgniter\View\View->CodeIgniter\View\{closure}()
#1 C:\wamp64\www\urgtec\system\Common.php(1089): CodeIgniter\View\View->render('template/editar...', Array, true)
#2 C:\wamp64\www\urgtec\app\Views\urgtec.php(2): view('template/editar...')
#3 C:\wamp64\www\urgtec\system\View\View.php(210): include('C:\\wamp64\\www\\u...')
#4 C:\wamp64\www\urgtec\system\View\View.php(213): CodeIgniter\View\View->CodeIgniter\View\{closure}()
#5 C:\wamp64\www\urgtec\system\Common.php(1089): CodeIgniter\View\View->render('urgtec', Array, true)
#6 C:\wamp64\www\urgtec\app\Controllers\Urgtec.php(341): view('urgtec', Array)
#7 C:\wamp64\www\urgtec\system\CodeIgniter.php(832): App\Controllers\Urgtec->funcionario('29')
#8 C:\wamp64\www\urgtec\system\CodeIgniter.php(419): CodeIgniter\CodeIgniter->runController(Object(App\Controllers\Urgtec))
#9 C:\wamp64\www\urgtec\system\CodeIgniter.php(326): CodeIgniter\CodeIgniter->handleRequest(NULL, Object(Config\Cache), false)
#10 C:\wamp64\www\urgtec\index.php(37): CodeIgniter\CodeIgniter->run()
#11 {main}
CRITICAL - 2022-03-05 08:12:13 --> Undefined variable: dp
#0 C:\wamp64\www\urgtec\app\Views\template\editarFuncionario.php(52): CodeIgniter\Debug\Exceptions->errorHandler(8, 'Undefined varia...', 'C:\\wamp64\\www\\u...', 52, Array)
#1 C:\wamp64\www\urgtec\system\View\View.php(210): include('C:\\wamp64\\www\\u...')
#2 C:\wamp64\www\urgtec\system\View\View.php(213): CodeIgniter\View\View->CodeIgniter\View\{closure}()
#3 C:\wamp64\www\urgtec\system\Common.php(1089): CodeIgniter\View\View->render('template/editar...', Array, true)
#4 C:\wamp64\www\urgtec\app\Views\urgtec.php(2): view('template/editar...')
#5 C:\wamp64\www\urgtec\system\View\View.php(210): include('C:\\wamp64\\www\\u...')
#6 C:\wamp64\www\urgtec\system\View\View.php(213): CodeIgniter\View\View->CodeIgniter\View\{closure}()
#7 C:\wamp64\www\urgtec\system\Common.php(1089): CodeIgniter\View\View->render('urgtec', Array, true)
#8 C:\wamp64\www\urgtec\app\Controllers\Urgtec.php(335): view('urgtec', Array)
#9 C:\wamp64\www\urgtec\system\CodeIgniter.php(832): App\Controllers\Urgtec->funcionario('29')
#10 C:\wamp64\www\urgtec\system\CodeIgniter.php(419): CodeIgniter\CodeIgniter->runController(Object(App\Controllers\Urgtec))
#11 C:\wamp64\www\urgtec\system\CodeIgniter.php(326): CodeIgniter\CodeIgniter->handleRequest(NULL, Object(Config\Cache), false)
#12 C:\wamp64\www\urgtec\index.php(37): CodeIgniter\CodeIgniter->run()
#13 {main}
CRITICAL - 2022-03-05 08:39:01 --> syntax error, unexpected '?'
#0 C:\wamp64\www\urgtec\system\View\View.php(213): CodeIgniter\View\View->CodeIgniter\View\{closure}()
#1 C:\wamp64\www\urgtec\system\Common.php(1089): CodeIgniter\View\View->render('template/editar...', Array, true)
#2 C:\wamp64\www\urgtec\app\Views\urgtec.php(2): view('template/editar...')
#3 C:\wamp64\www\urgtec\system\View\View.php(210): include('C:\\wamp64\\www\\u...')
#4 C:\wamp64\www\urgtec\system\View\View.php(213): CodeIgniter\View\View->CodeIgniter\View\{closure}()
#5 C:\wamp64\www\urgtec\system\Common.php(1089): CodeIgniter\View\View->render('urgtec', Array, true)
#6 C:\wamp64\www\urgtec\app\Controllers\Urgtec.php(335): view('urgtec', Array)
#7 C:\wamp64\www\urgtec\system\CodeIgniter.php(832): App\Controllers\Urgtec->funcionario('29')
#8 C:\wamp64\www\urgtec\system\CodeIgniter.php(419): CodeIgniter\CodeIgniter->runController(Object(App\Controllers\Urgtec))
#9 C:\wamp64\www\urgtec\system\CodeIgniter.php(326): CodeIgniter\CodeIgniter->handleRequest(NULL, Object(Config\Cache), false)
#10 C:\wamp64\www\urgtec\index.php(37): CodeIgniter\CodeIgniter->run()
#11 {main}
