CRITICAL - 2022-03-02 18:04:20 --> Undefined variable: mensagem
#0 C:\wamp64\www\urgtecDP\app\Controllers\Home.php(9): CodeIgniter\Debug\Exceptions->errorHandler(8, 'Undefined varia...', 'C:\\wamp64\\www\\u...', 9, Array)
#1 C:\wamp64\www\urgtecDP\system\CodeIgniter.php(832): App\Controllers\Home->index()
#2 C:\wamp64\www\urgtecDP\system\CodeIgniter.php(419): CodeIgniter\CodeIgniter->runController(Object(App\Controllers\Home))
#3 C:\wamp64\www\urgtecDP\system\CodeIgniter.php(326): CodeIgniter\CodeIgniter->handleRequest(NULL, Object(Config\Cache), false)
#4 C:\wamp64\www\urgtecDP\public\index.php(37): CodeIgniter\CodeIgniter->run()
#5 {main}
CRITICAL - 2022-03-02 19:40:12 --> syntax error, unexpected 'return' (T_RETURN)
#0 C:\wamp64\www\urgtecDP\system\Autoloader\Autoloader.php(241): CodeIgniter\Autoloader\Autoloader->includeFile('C:\\wamp64\\www\\u...')
#1 C:\wamp64\www\urgtecDP\system\Autoloader\Autoloader.php(219): CodeIgniter\Autoloader\Autoloader->loadInNamespace('App\\Controllers...')
#2 [internal function]: CodeIgniter\Autoloader\Autoloader->loadClass('App\\Controllers...')
#3 [internal function]: spl_autoload_call('App\\Controllers...')
#4 C:\wamp64\www\urgtecDP\system\CodeIgniter.php(797): class_exists('\\App\\Controller...', true)
#5 C:\wamp64\www\urgtecDP\system\CodeIgniter.php(406): CodeIgniter\CodeIgniter->startController()
#6 C:\wamp64\www\urgtecDP\system\CodeIgniter.php(326): CodeIgniter\CodeIgniter->handleRequest(NULL, Object(Config\Cache), false)
#7 C:\wamp64\www\urgtecDP\index.php(37): CodeIgniter\CodeIgniter->run()
#8 {main}
CRITICAL - 2022-03-02 19:43:25 --> syntax error, unexpected '->' (T_OBJECT_OPERATOR)
#0 C:\wamp64\www\urgtecDP\system\Autoloader\Autoloader.php(241): CodeIgniter\Autoloader\Autoloader->includeFile('C:\\wamp64\\www\\u...')
#1 C:\wamp64\www\urgtecDP\system\Autoloader\Autoloader.php(219): CodeIgniter\Autoloader\Autoloader->loadInNamespace('App\\Controllers...')
#2 [internal function]: CodeIgniter\Autoloader\Autoloader->loadClass('App\\Controllers...')
#3 [internal function]: spl_autoload_call('App\\Controllers...')
#4 C:\wamp64\www\urgtecDP\system\CodeIgniter.php(797): class_exists('\\App\\Controller...', true)
#5 C:\wamp64\www\urgtecDP\system\CodeIgniter.php(406): CodeIgniter\CodeIgniter->startController()
#6 C:\wamp64\www\urgtecDP\system\CodeIgniter.php(326): CodeIgniter\CodeIgniter->handleRequest(NULL, Object(Config\Cache), false)
#7 C:\wamp64\www\urgtecDP\index.php(37): CodeIgniter\CodeIgniter->run()
#8 {main}
CRITICAL - 2022-03-02 19:49:58 --> syntax error, unexpected '->' (T_OBJECT_OPERATOR)
#0 C:\wamp64\www\urgtecDP\system\Autoloader\Autoloader.php(241): CodeIgniter\Autoloader\Autoloader->includeFile('C:\\wamp64\\www\\u...')
#1 C:\wamp64\www\urgtecDP\system\Autoloader\Autoloader.php(219): CodeIgniter\Autoloader\Autoloader->loadInNamespace('App\\Controllers...')
#2 [internal function]: CodeIgniter\Autoloader\Autoloader->loadClass('App\\Controllers...')
#3 [internal function]: spl_autoload_call('App\\Controllers...')
#4 C:\wamp64\www\urgtecDP\system\CodeIgniter.php(797): class_exists('\\App\\Controller...', true)
#5 C:\wamp64\www\urgtecDP\system\CodeIgniter.php(406): CodeIgniter\CodeIgniter->startController()
#6 C:\wamp64\www\urgtecDP\system\CodeIgniter.php(326): CodeIgniter\CodeIgniter->handleRequest(NULL, Object(Config\Cache), false)
#7 C:\wamp64\www\urgtecDP\index.php(37): CodeIgniter\CodeIgniter->run()
#8 {main}
CRITICAL - 2022-03-02 19:50:54 --> syntax error, unexpected '->' (T_OBJECT_OPERATOR)
#0 C:\wamp64\www\urgtecDP\system\Autoloader\Autoloader.php(241): CodeIgniter\Autoloader\Autoloader->includeFile('C:\\wamp64\\www\\u...')
#1 C:\wamp64\www\urgtecDP\system\Autoloader\Autoloader.php(219): CodeIgniter\Autoloader\Autoloader->loadInNamespace('App\\Controllers...')
#2 [internal function]: CodeIgniter\Autoloader\Autoloader->loadClass('App\\Controllers...')
#3 [internal function]: spl_autoload_call('App\\Controllers...')
#4 C:\wamp64\www\urgtecDP\system\CodeIgniter.php(797): class_exists('\\App\\Controller...', true)
#5 C:\wamp64\www\urgtecDP\system\CodeIgniter.php(406): CodeIgniter\CodeIgniter->startController()
#6 C:\wamp64\www\urgtecDP\system\CodeIgniter.php(326): CodeIgniter\CodeIgniter->handleRequest(NULL, Object(Config\Cache), false)
#7 C:\wamp64\www\urgtecDP\index.php(37): CodeIgniter\CodeIgniter->run()
#8 {main}
CRITICAL - 2022-03-02 19:54:11 --> syntax error, unexpected '}', expecting end of file
#0 C:\wamp64\www\urgtecDP\system\Autoloader\Autoloader.php(241): CodeIgniter\Autoloader\Autoloader->includeFile('C:\\wamp64\\www\\u...')
#1 C:\wamp64\www\urgtecDP\system\Autoloader\Autoloader.php(219): CodeIgniter\Autoloader\Autoloader->loadInNamespace('App\\Controllers...')
#2 [internal function]: CodeIgniter\Autoloader\Autoloader->loadClass('App\\Controllers...')
#3 [internal function]: spl_autoload_call('App\\Controllers...')
#4 C:\wamp64\www\urgtecDP\system\CodeIgniter.php(797): class_exists('\\App\\Controller...', true)
#5 C:\wamp64\www\urgtecDP\system\CodeIgniter.php(406): CodeIgniter\CodeIgniter->startController()
#6 C:\wamp64\www\urgtecDP\system\CodeIgniter.php(326): CodeIgniter\CodeIgniter->handleRequest(NULL, Object(Config\Cache), false)
#7 C:\wamp64\www\urgtecDP\index.php(37): CodeIgniter\CodeIgniter->run()
#8 {main}
CRITICAL - 2022-03-02 19:54:43 --> Class 'app\Models\DepartamentoModel' not found
#0 C:\wamp64\www\urgtecDP\system\CodeIgniter.php(832): App\Controllers\Urgtec->index()
#1 C:\wamp64\www\urgtecDP\system\CodeIgniter.php(419): CodeIgniter\CodeIgniter->runController(Object(App\Controllers\Urgtec))
#2 C:\wamp64\www\urgtecDP\system\CodeIgniter.php(326): CodeIgniter\CodeIgniter->handleRequest(NULL, Object(Config\Cache), false)
#3 C:\wamp64\www\urgtecDP\index.php(37): CodeIgniter\CodeIgniter->run()
#4 {main}
CRITICAL - 2022-03-02 19:55:55 --> syntax error, unexpected '->' (T_OBJECT_OPERATOR)
#0 C:\wamp64\www\urgtecDP\system\Router\Router.php(175): CodeIgniter\Router\Router->autoRoute('Urgtec')
#1 C:\wamp64\www\urgtecDP\system\CodeIgniter.php(726): CodeIgniter\Router\Router->handle('Urgtec')
#2 C:\wamp64\www\urgtecDP\system\CodeIgniter.php(368): CodeIgniter\CodeIgniter->tryToRouteIt(Object(CodeIgniter\Router\RouteCollection))
#3 C:\wamp64\www\urgtecDP\system\CodeIgniter.php(326): CodeIgniter\CodeIgniter->handleRequest(NULL, Object(Config\Cache), false)
#4 C:\wamp64\www\urgtecDP\index.php(37): CodeIgniter\CodeIgniter->run()
#5 {main}
CRITICAL - 2022-03-02 19:59:41 --> syntax error, unexpected '->' (T_OBJECT_OPERATOR)
#0 C:\wamp64\www\urgtecDP\system\Router\Router.php(175): CodeIgniter\Router\Router->autoRoute('Urgtec')
#1 C:\wamp64\www\urgtecDP\system\CodeIgniter.php(726): CodeIgniter\Router\Router->handle('Urgtec')
#2 C:\wamp64\www\urgtecDP\system\CodeIgniter.php(368): CodeIgniter\CodeIgniter->tryToRouteIt(Object(CodeIgniter\Router\RouteCollection))
#3 C:\wamp64\www\urgtecDP\system\CodeIgniter.php(326): CodeIgniter\CodeIgniter->handleRequest(NULL, Object(Config\Cache), false)
#4 C:\wamp64\www\urgtecDP\index.php(37): CodeIgniter\CodeIgniter->run()
#5 {main}
CRITICAL - 2022-03-02 20:00:59 --> syntax error, unexpected '->' (T_OBJECT_OPERATOR)
#0 C:\wamp64\www\urgtecDP\system\Router\Router.php(175): CodeIgniter\Router\Router->autoRoute('Urgtec')
#1 C:\wamp64\www\urgtecDP\system\CodeIgniter.php(726): CodeIgniter\Router\Router->handle('Urgtec')
#2 C:\wamp64\www\urgtecDP\system\CodeIgniter.php(368): CodeIgniter\CodeIgniter->tryToRouteIt(Object(CodeIgniter\Router\RouteCollection))
#3 C:\wamp64\www\urgtecDP\system\CodeIgniter.php(326): CodeIgniter\CodeIgniter->handleRequest(NULL, Object(Config\Cache), false)
#4 C:\wamp64\www\urgtecDP\index.php(37): CodeIgniter\CodeIgniter->run()
#5 {main}
CRITICAL - 2022-03-02 20:01:41 --> Allowed fields must be specified for model: App\Models\DepartamentoModel
#0 C:\wamp64\www\urgtecDP\system\BaseModel.php(1138): CodeIgniter\Database\Exceptions\DataException::forInvalidAllowedFields('App\\Models\\Depa...')
#1 C:\wamp64\www\urgtecDP\system\BaseModel.php(713): CodeIgniter\BaseModel->doProtectFields(Array)
#2 C:\wamp64\www\urgtecDP\system\Model.php(625): CodeIgniter\BaseModel->insert(Array, true)
#3 C:\wamp64\www\urgtecDP\app\Controllers\Urgtec.php(16): CodeIgniter\Model->insert()
#4 C:\wamp64\www\urgtecDP\system\CodeIgniter.php(832): App\Controllers\Urgtec->index()
#5 C:\wamp64\www\urgtecDP\system\CodeIgniter.php(419): CodeIgniter\CodeIgniter->runController(Object(App\Controllers\Urgtec))
#6 C:\wamp64\www\urgtecDP\system\CodeIgniter.php(326): CodeIgniter\CodeIgniter->handleRequest(NULL, Object(Config\Cache), false)
#7 C:\wamp64\www\urgtecDP\index.php(37): CodeIgniter\CodeIgniter->run()
#8 {main}
CRITICAL - 2022-03-02 20:01:50 --> Allowed fields must be specified for model: App\Models\DepartamentoModel
#0 C:\wamp64\www\urgtecDP\system\BaseModel.php(1138): CodeIgniter\Database\Exceptions\DataException::forInvalidAllowedFields('App\\Models\\Depa...')
#1 C:\wamp64\www\urgtecDP\system\BaseModel.php(713): CodeIgniter\BaseModel->doProtectFields(Array)
#2 C:\wamp64\www\urgtecDP\system\Model.php(625): CodeIgniter\BaseModel->insert(Array, true)
#3 C:\wamp64\www\urgtecDP\app\Controllers\Urgtec.php(16): CodeIgniter\Model->insert()
#4 C:\wamp64\www\urgtecDP\system\CodeIgniter.php(832): App\Controllers\Urgtec->index()
#5 C:\wamp64\www\urgtecDP\system\CodeIgniter.php(419): CodeIgniter\CodeIgniter->runController(Object(App\Controllers\Urgtec))
#6 C:\wamp64\www\urgtecDP\system\CodeIgniter.php(326): CodeIgniter\CodeIgniter->handleRequest(NULL, Object(Config\Cache), false)
#7 C:\wamp64\www\urgtecDP\index.php(37): CodeIgniter\CodeIgniter->run()
#8 {main}
CRITICAL - 2022-03-02 20:02:12 --> Allowed fields must be specified for model: App\Models\DepartamentoModel
#0 C:\wamp64\www\urgtecDP\system\BaseModel.php(1138): CodeIgniter\Database\Exceptions\DataException::forInvalidAllowedFields('App\\Models\\Depa...')
#1 C:\wamp64\www\urgtecDP\system\BaseModel.php(713): CodeIgniter\BaseModel->doProtectFields(Array)
#2 C:\wamp64\www\urgtecDP\system\Model.php(625): CodeIgniter\BaseModel->insert(Array, true)
#3 C:\wamp64\www\urgtecDP\app\Controllers\Urgtec.php(16): CodeIgniter\Model->insert()
#4 C:\wamp64\www\urgtecDP\system\CodeIgniter.php(832): App\Controllers\Urgtec->index()
#5 C:\wamp64\www\urgtecDP\system\CodeIgniter.php(419): CodeIgniter\CodeIgniter->runController(Object(App\Controllers\Urgtec))
#6 C:\wamp64\www\urgtecDP\system\CodeIgniter.php(326): CodeIgniter\CodeIgniter->handleRequest(NULL, Object(Config\Cache), false)
#7 C:\wamp64\www\urgtecDP\index.php(37): CodeIgniter\CodeIgniter->run()
#8 {main}
CRITICAL - 2022-03-02 20:02:32 --> Allowed fields must be specified for model: App\Models\DepartamentoModel
#0 C:\wamp64\www\urgtecDP\system\BaseModel.php(1138): CodeIgniter\Database\Exceptions\DataException::forInvalidAllowedFields('App\\Models\\Depa...')
#1 C:\wamp64\www\urgtecDP\system\BaseModel.php(713): CodeIgniter\BaseModel->doProtectFields(Array)
#2 C:\wamp64\www\urgtecDP\system\Model.php(625): CodeIgniter\BaseModel->insert(Array, true)
#3 C:\wamp64\www\urgtecDP\app\Controllers\Urgtec.php(16): CodeIgniter\Model->insert()
#4 C:\wamp64\www\urgtecDP\system\CodeIgniter.php(832): App\Controllers\Urgtec->index()
#5 C:\wamp64\www\urgtecDP\system\CodeIgniter.php(419): CodeIgniter\CodeIgniter->runController(Object(App\Controllers\Urgtec))
#6 C:\wamp64\www\urgtecDP\system\CodeIgniter.php(326): CodeIgniter\CodeIgniter->handleRequest(NULL, Object(Config\Cache), false)
#7 C:\wamp64\www\urgtecDP\index.php(37): CodeIgniter\CodeIgniter->run()
#8 {main}
CRITICAL - 2022-03-02 20:04:59 --> syntax error, unexpected '$this' (T_VARIABLE), expecting ')'
#0 C:\wamp64\www\urgtecDP\system\Router\Router.php(175): CodeIgniter\Router\Router->autoRoute('Urgtec')
#1 C:\wamp64\www\urgtecDP\system\CodeIgniter.php(726): CodeIgniter\Router\Router->handle('Urgtec')
#2 C:\wamp64\www\urgtecDP\system\CodeIgniter.php(368): CodeIgniter\CodeIgniter->tryToRouteIt(Object(CodeIgniter\Router\RouteCollection))
#3 C:\wamp64\www\urgtecDP\system\CodeIgniter.php(326): CodeIgniter\CodeIgniter->handleRequest(NULL, Object(Config\Cache), false)
#4 C:\wamp64\www\urgtecDP\index.php(37): CodeIgniter\CodeIgniter->run()
#5 {main}
CRITICAL - 2022-03-02 20:05:00 --> syntax error, unexpected '$this' (T_VARIABLE), expecting ')'
#0 C:\wamp64\www\urgtecDP\system\Router\Router.php(175): CodeIgniter\Router\Router->autoRoute('Urgtec')
#1 C:\wamp64\www\urgtecDP\system\CodeIgniter.php(726): CodeIgniter\Router\Router->handle('Urgtec')
#2 C:\wamp64\www\urgtecDP\system\CodeIgniter.php(368): CodeIgniter\CodeIgniter->tryToRouteIt(Object(CodeIgniter\Router\RouteCollection))
#3 C:\wamp64\www\urgtecDP\system\CodeIgniter.php(326): CodeIgniter\CodeIgniter->handleRequest(NULL, Object(Config\Cache), false)
#4 C:\wamp64\www\urgtecDP\index.php(37): CodeIgniter\CodeIgniter->run()
#5 {main}
CRITICAL - 2022-03-02 20:05:02 --> syntax error, unexpected '$this' (T_VARIABLE), expecting ')'
#0 C:\wamp64\www\urgtecDP\system\Router\Router.php(175): CodeIgniter\Router\Router->autoRoute('Urgtec')
#1 C:\wamp64\www\urgtecDP\system\CodeIgniter.php(726): CodeIgniter\Router\Router->handle('Urgtec')
#2 C:\wamp64\www\urgtecDP\system\CodeIgniter.php(368): CodeIgniter\CodeIgniter->tryToRouteIt(Object(CodeIgniter\Router\RouteCollection))
#3 C:\wamp64\www\urgtecDP\system\CodeIgniter.php(326): CodeIgniter\CodeIgniter->handleRequest(NULL, Object(Config\Cache), false)
#4 C:\wamp64\www\urgtecDP\index.php(37): CodeIgniter\CodeIgniter->run()
#5 {main}
CRITICAL - 2022-03-02 20:05:04 --> syntax error, unexpected '$this' (T_VARIABLE), expecting ')'
#0 C:\wamp64\www\urgtecDP\system\Router\Router.php(175): CodeIgniter\Router\Router->autoRoute('Urgtec')
#1 C:\wamp64\www\urgtecDP\system\CodeIgniter.php(726): CodeIgniter\Router\Router->handle('Urgtec')
#2 C:\wamp64\www\urgtecDP\system\CodeIgniter.php(368): CodeIgniter\CodeIgniter->tryToRouteIt(Object(CodeIgniter\Router\RouteCollection))
#3 C:\wamp64\www\urgtecDP\system\CodeIgniter.php(326): CodeIgniter\CodeIgniter->handleRequest(NULL, Object(Config\Cache), false)
#4 C:\wamp64\www\urgtecDP\index.php(37): CodeIgniter\CodeIgniter->run()
#5 {main}
CRITICAL - 2022-03-02 20:05:45 --> syntax error, unexpected '$this' (T_VARIABLE), expecting ')'
#0 C:\wamp64\www\urgtecDP\system\Router\Router.php(175): CodeIgniter\Router\Router->autoRoute('Urgtec')
#1 C:\wamp64\www\urgtecDP\system\CodeIgniter.php(726): CodeIgniter\Router\Router->handle('Urgtec')
#2 C:\wamp64\www\urgtecDP\system\CodeIgniter.php(368): CodeIgniter\CodeIgniter->tryToRouteIt(Object(CodeIgniter\Router\RouteCollection))
#3 C:\wamp64\www\urgtecDP\system\CodeIgniter.php(326): CodeIgniter\CodeIgniter->handleRequest(NULL, Object(Config\Cache), false)
#4 C:\wamp64\www\urgtecDP\index.php(37): CodeIgniter\CodeIgniter->run()
#5 {main}
ERROR - 2022-03-02 20:08:57 --> Column 'sexo' cannot be null
CRITICAL - 2022-03-02 20:08:57 --> Column 'sexo' cannot be null
#0 C:\wamp64\www\urgtecDP\system\Database\MySQLi\Connection.php(292): mysqli->query('INSERT INTO `fu...', 0)
#1 C:\wamp64\www\urgtecDP\system\Database\BaseConnection.php(670): CodeIgniter\Database\MySQLi\Connection->execute('INSERT INTO `fu...')
#2 C:\wamp64\www\urgtecDP\system\Database\BaseConnection.php(598): CodeIgniter\Database\BaseConnection->simpleQuery('INSERT INTO `fu...')
#3 C:\wamp64\www\urgtecDP\system\Database\BaseBuilder.php(1771): CodeIgniter\Database\BaseConnection->query('INSERT INTO `fu...', Array, false)
#4 C:\wamp64\www\urgtecDP\system\Model.php(239): CodeIgniter\Database\BaseBuilder->insert()
#5 C:\wamp64\www\urgtecDP\system\BaseModel.php(738): CodeIgniter\Model->doInsert(Array)
#6 C:\wamp64\www\urgtecDP\system\Model.php(625): CodeIgniter\BaseModel->insert(Array, true)
#7 C:\wamp64\www\urgtecDP\app\Controllers\Urgtec.php(21): CodeIgniter\Model->insert()
#8 C:\wamp64\www\urgtecDP\system\CodeIgniter.php(832): App\Controllers\Urgtec->index()
#9 C:\wamp64\www\urgtecDP\system\CodeIgniter.php(419): CodeIgniter\CodeIgniter->runController(Object(App\Controllers\Urgtec))
#10 C:\wamp64\www\urgtecDP\system\CodeIgniter.php(326): CodeIgniter\CodeIgniter->handleRequest(NULL, Object(Config\Cache), false)
#11 C:\wamp64\www\urgtecDP\index.php(37): CodeIgniter\CodeIgniter->run()
#12 {main}
ERROR - 2022-03-02 20:11:00 --> Column 'sexo' cannot be null
CRITICAL - 2022-03-02 20:11:00 --> Column 'sexo' cannot be null
#0 C:\wamp64\www\urgtecDP\system\Database\MySQLi\Connection.php(292): mysqli->query('INSERT INTO `fu...', 0)
#1 C:\wamp64\www\urgtecDP\system\Database\BaseConnection.php(670): CodeIgniter\Database\MySQLi\Connection->execute('INSERT INTO `fu...')
#2 C:\wamp64\www\urgtecDP\system\Database\BaseConnection.php(598): CodeIgniter\Database\BaseConnection->simpleQuery('INSERT INTO `fu...')
#3 C:\wamp64\www\urgtecDP\system\Database\BaseBuilder.php(1771): CodeIgniter\Database\BaseConnection->query('INSERT INTO `fu...', Array, false)
#4 C:\wamp64\www\urgtecDP\system\Model.php(239): CodeIgniter\Database\BaseBuilder->insert()
#5 C:\wamp64\www\urgtecDP\system\BaseModel.php(738): CodeIgniter\Model->doInsert(Array)
#6 C:\wamp64\www\urgtecDP\system\Model.php(625): CodeIgniter\BaseModel->insert(Array, true)
#7 C:\wamp64\www\urgtecDP\app\Controllers\Urgtec.php(21): CodeIgniter\Model->insert()
#8 C:\wamp64\www\urgtecDP\system\CodeIgniter.php(832): App\Controllers\Urgtec->index()
#9 C:\wamp64\www\urgtecDP\system\CodeIgniter.php(419): CodeIgniter\CodeIgniter->runController(Object(App\Controllers\Urgtec))
#10 C:\wamp64\www\urgtecDP\system\CodeIgniter.php(326): CodeIgniter\CodeIgniter->handleRequest(NULL, Object(Config\Cache), false)
#11 C:\wamp64\www\urgtecDP\index.php(37): CodeIgniter\CodeIgniter->run()
#12 {main}
CRITICAL - 2022-03-02 20:19:22 --> syntax error, unexpected '->' (T_OBJECT_OPERATOR)
#0 C:\wamp64\www\urgtecDP\system\Router\Router.php(175): CodeIgniter\Router\Router->autoRoute('Urgtec')
#1 C:\wamp64\www\urgtecDP\system\CodeIgniter.php(726): CodeIgniter\Router\Router->handle('Urgtec')
#2 C:\wamp64\www\urgtecDP\system\CodeIgniter.php(368): CodeIgniter\CodeIgniter->tryToRouteIt(Object(CodeIgniter\Router\RouteCollection))
#3 C:\wamp64\www\urgtecDP\system\CodeIgniter.php(326): CodeIgniter\CodeIgniter->handleRequest(NULL, Object(Config\Cache), false)
#4 C:\wamp64\www\urgtecDP\index.php(37): CodeIgniter\CodeIgniter->run()
#5 {main}
CRITICAL - 2022-03-02 20:20:51 --> Class 'App\Models\DepartamentoModel' not found
#0 C:\wamp64\www\urgtecDP\system\CodeIgniter.php(832): App\Controllers\Urgtec->index()
#1 C:\wamp64\www\urgtecDP\system\CodeIgniter.php(419): CodeIgniter\CodeIgniter->runController(Object(App\Controllers\Urgtec))
#2 C:\wamp64\www\urgtecDP\system\CodeIgniter.php(326): CodeIgniter\CodeIgniter->handleRequest(NULL, Object(Config\Cache), false)
#3 C:\wamp64\www\urgtecDP\index.php(37): CodeIgniter\CodeIgniter->run()
#4 {main}
CRITICAL - 2022-03-02 20:24:49 --> Object of class stdClass could not be converted to string
#0 C:\wamp64\www\urgtecDP\system\View\View.php(210): include()
#1 C:\wamp64\www\urgtecDP\system\View\View.php(213): CodeIgniter\View\View->CodeIgniter\View\{closure}()
#2 C:\wamp64\www\urgtecDP\system\Common.php(1089): CodeIgniter\View\View->render('urgtec', Array, true)
#3 C:\wamp64\www\urgtecDP\app\Controllers\Urgtec.php(35): view('urgtec', Array)
#4 C:\wamp64\www\urgtecDP\system\CodeIgniter.php(832): App\Controllers\Urgtec->index()
#5 C:\wamp64\www\urgtecDP\system\CodeIgniter.php(419): CodeIgniter\CodeIgniter->runController(Object(App\Controllers\Urgtec))
#6 C:\wamp64\www\urgtecDP\system\CodeIgniter.php(326): CodeIgniter\CodeIgniter->handleRequest(NULL, Object(Config\Cache), false)
#7 C:\wamp64\www\urgtecDP\index.php(37): CodeIgniter\CodeIgniter->run()
#8 {main}
CRITICAL - 2022-03-02 20:24:58 --> Array to string conversion
#0 C:\wamp64\www\urgtecDP\app\Views\urgtec.php(54): CodeIgniter\Debug\Exceptions->errorHandler(8, 'Array to string...', 'C:\\wamp64\\www\\u...', 54, Array)
#1 C:\wamp64\www\urgtecDP\system\View\View.php(210): include('C:\\wamp64\\www\\u...')
#2 C:\wamp64\www\urgtecDP\system\View\View.php(213): CodeIgniter\View\View->CodeIgniter\View\{closure}()
#3 C:\wamp64\www\urgtecDP\system\Common.php(1089): CodeIgniter\View\View->render('urgtec', Array, true)
#4 C:\wamp64\www\urgtecDP\app\Controllers\Urgtec.php(35): view('urgtec', Array)
#5 C:\wamp64\www\urgtecDP\system\CodeIgniter.php(832): App\Controllers\Urgtec->index()
#6 C:\wamp64\www\urgtecDP\system\CodeIgniter.php(419): CodeIgniter\CodeIgniter->runController(Object(App\Controllers\Urgtec))
#7 C:\wamp64\www\urgtecDP\system\CodeIgniter.php(326): CodeIgniter\CodeIgniter->handleRequest(NULL, Object(Config\Cache), false)
#8 C:\wamp64\www\urgtecDP\index.php(37): CodeIgniter\CodeIgniter->run()
#9 {main}
CRITICAL - 2022-03-02 20:26:40 --> syntax error, unexpected '=>' (T_DOUBLE_ARROW), expecting '['
#0 C:\wamp64\www\urgtecDP\system\View\View.php(213): CodeIgniter\View\View->CodeIgniter\View\{closure}()
#1 C:\wamp64\www\urgtecDP\system\Common.php(1089): CodeIgniter\View\View->render('urgtec', Array, true)
#2 C:\wamp64\www\urgtecDP\app\Controllers\Urgtec.php(35): view('urgtec', Array)
#3 C:\wamp64\www\urgtecDP\system\CodeIgniter.php(832): App\Controllers\Urgtec->index()
#4 C:\wamp64\www\urgtecDP\system\CodeIgniter.php(419): CodeIgniter\CodeIgniter->runController(Object(App\Controllers\Urgtec))
#5 C:\wamp64\www\urgtecDP\system\CodeIgniter.php(326): CodeIgniter\CodeIgniter->handleRequest(NULL, Object(Config\Cache), false)
#6 C:\wamp64\www\urgtecDP\index.php(37): CodeIgniter\CodeIgniter->run()
#7 {main}
CRITICAL - 2022-03-02 20:28:00 --> Illegal offset type
#0 C:\wamp64\www\urgtecDP\app\Views\urgtec.php(82): CodeIgniter\Debug\Exceptions->errorHandler(2, 'Illegal offset ...', 'C:\\wamp64\\www\\u...', 82, Array)
#1 C:\wamp64\www\urgtecDP\system\View\View.php(210): include('C:\\wamp64\\www\\u...')
#2 C:\wamp64\www\urgtecDP\system\View\View.php(213): CodeIgniter\View\View->CodeIgniter\View\{closure}()
#3 C:\wamp64\www\urgtecDP\system\Common.php(1089): CodeIgniter\View\View->render('urgtec', Array, true)
#4 C:\wamp64\www\urgtecDP\app\Controllers\Urgtec.php(35): view('urgtec', Array)
#5 C:\wamp64\www\urgtecDP\system\CodeIgniter.php(832): App\Controllers\Urgtec->index()
#6 C:\wamp64\www\urgtecDP\system\CodeIgniter.php(419): CodeIgniter\CodeIgniter->runController(Object(App\Controllers\Urgtec))
#7 C:\wamp64\www\urgtecDP\system\CodeIgniter.php(326): CodeIgniter\CodeIgniter->handleRequest(NULL, Object(Config\Cache), false)
#8 C:\wamp64\www\urgtecDP\index.php(37): CodeIgniter\CodeIgniter->run()
#9 {main}
ERROR - 2022-03-02 20:32:50 --> Column 'status' cannot be null
CRITICAL - 2022-03-02 20:32:50 --> Column 'status' cannot be null
#0 C:\wamp64\www\urgtecDP\system\Database\MySQLi\Connection.php(292): mysqli->query('INSERT INTO `fu...', 0)
#1 C:\wamp64\www\urgtecDP\system\Database\BaseConnection.php(670): CodeIgniter\Database\MySQLi\Connection->execute('INSERT INTO `fu...')
#2 C:\wamp64\www\urgtecDP\system\Database\BaseConnection.php(598): CodeIgniter\Database\BaseConnection->simpleQuery('INSERT INTO `fu...')
#3 C:\wamp64\www\urgtecDP\system\Database\BaseBuilder.php(1771): CodeIgniter\Database\BaseConnection->query('INSERT INTO `fu...', Array, false)
#4 C:\wamp64\www\urgtecDP\system\Model.php(239): CodeIgniter\Database\BaseBuilder->insert()
#5 C:\wamp64\www\urgtecDP\system\BaseModel.php(738): CodeIgniter\Model->doInsert(Array)
#6 C:\wamp64\www\urgtecDP\system\Model.php(625): CodeIgniter\BaseModel->insert(Array, true)
#7 C:\wamp64\www\urgtecDP\app\Controllers\Urgtec.php(25): CodeIgniter\Model->insert()
#8 C:\wamp64\www\urgtecDP\system\CodeIgniter.php(832): App\Controllers\Urgtec->index()
#9 C:\wamp64\www\urgtecDP\system\CodeIgniter.php(419): CodeIgniter\CodeIgniter->runController(Object(App\Controllers\Urgtec))
#10 C:\wamp64\www\urgtecDP\system\CodeIgniter.php(326): CodeIgniter\CodeIgniter->handleRequest(NULL, Object(Config\Cache), false)
#11 C:\wamp64\www\urgtecDP\index.php(37): CodeIgniter\CodeIgniter->run()
#12 {main}
CRITICAL - 2022-03-02 20:43:49 --> Invalid file: estrutura/template/cadastroFuncionario.php
#0 C:\wamp64\www\urgtecDP\system\View\View.php(198): CodeIgniter\Exceptions\FrameworkException::forInvalidFile('estrutura/templ...')
#1 C:\wamp64\www\urgtecDP\system\Common.php(1089): CodeIgniter\View\View->render('estrutura/templ...', Array, true)
#2 C:\wamp64\www\urgtecDP\app\Views\urgtec.php(2): view('estrutura/templ...')
#3 C:\wamp64\www\urgtecDP\system\View\View.php(210): include('C:\\wamp64\\www\\u...')
#4 C:\wamp64\www\urgtecDP\system\View\View.php(213): CodeIgniter\View\View->CodeIgniter\View\{closure}()
#5 C:\wamp64\www\urgtecDP\system\Common.php(1089): CodeIgniter\View\View->render('urgtec', Array, true)
#6 C:\wamp64\www\urgtecDP\app\Controllers\Urgtec.php(36): view('urgtec', Array)
#7 C:\wamp64\www\urgtecDP\system\CodeIgniter.php(832): App\Controllers\Urgtec->index()
#8 C:\wamp64\www\urgtecDP\system\CodeIgniter.php(419): CodeIgniter\CodeIgniter->runController(Object(App\Controllers\Urgtec))
#9 C:\wamp64\www\urgtecDP\system\CodeIgniter.php(326): CodeIgniter\CodeIgniter->handleRequest(NULL, Object(Config\Cache), false)
#10 C:\wamp64\www\urgtecDP\index.php(37): CodeIgniter\CodeIgniter->run()
#11 {main}
CRITICAL - 2022-03-02 20:43:56 --> Invalid file: estrutura/template/cadastroFuncionario.php
#0 C:\wamp64\www\urgtecDP\system\View\View.php(198): CodeIgniter\Exceptions\FrameworkException::forInvalidFile('estrutura/templ...')
#1 C:\wamp64\www\urgtecDP\system\Common.php(1089): CodeIgniter\View\View->render('estrutura/templ...', Array, true)
#2 C:\wamp64\www\urgtecDP\app\Views\urgtec.php(2): view('estrutura/templ...')
#3 C:\wamp64\www\urgtecDP\system\View\View.php(210): include('C:\\wamp64\\www\\u...')
#4 C:\wamp64\www\urgtecDP\system\View\View.php(213): CodeIgniter\View\View->CodeIgniter\View\{closure}()
#5 C:\wamp64\www\urgtecDP\system\Common.php(1089): CodeIgniter\View\View->render('urgtec', Array, true)
#6 C:\wamp64\www\urgtecDP\app\Controllers\Urgtec.php(36): view('urgtec', Array)
#7 C:\wamp64\www\urgtecDP\system\CodeIgniter.php(832): App\Controllers\Urgtec->index()
#8 C:\wamp64\www\urgtecDP\system\CodeIgniter.php(419): CodeIgniter\CodeIgniter->runController(Object(App\Controllers\Urgtec))
#9 C:\wamp64\www\urgtecDP\system\CodeIgniter.php(326): CodeIgniter\CodeIgniter->handleRequest(NULL, Object(Config\Cache), false)
#10 C:\wamp64\www\urgtecDP\index.php(37): CodeIgniter\CodeIgniter->run()
#11 {main}
CRITICAL - 2022-03-02 20:44:09 --> Invalid file: estrutura/template/cadastroFuncionario.php.php
#0 C:\wamp64\www\urgtecDP\system\View\View.php(198): CodeIgniter\Exceptions\FrameworkException::forInvalidFile('estrutura/templ...')
#1 C:\wamp64\www\urgtecDP\system\Common.php(1089): CodeIgniter\View\View->render('estrutura/templ...', Array, true)
#2 C:\wamp64\www\urgtecDP\app\Views\urgtec.php(2): view('estrutura/templ...')
#3 C:\wamp64\www\urgtecDP\system\View\View.php(210): include('C:\\wamp64\\www\\u...')
#4 C:\wamp64\www\urgtecDP\system\View\View.php(213): CodeIgniter\View\View->CodeIgniter\View\{closure}()
#5 C:\wamp64\www\urgtecDP\system\Common.php(1089): CodeIgniter\View\View->render('urgtec', Array, true)
#6 C:\wamp64\www\urgtecDP\app\Controllers\Urgtec.php(36): view('urgtec', Array)
#7 C:\wamp64\www\urgtecDP\system\CodeIgniter.php(832): App\Controllers\Urgtec->index()
#8 C:\wamp64\www\urgtecDP\system\CodeIgniter.php(419): CodeIgniter\CodeIgniter->runController(Object(App\Controllers\Urgtec))
#9 C:\wamp64\www\urgtecDP\system\CodeIgniter.php(326): CodeIgniter\CodeIgniter->handleRequest(NULL, Object(Config\Cache), false)
#10 C:\wamp64\www\urgtecDP\index.php(37): CodeIgniter\CodeIgniter->run()
#11 {main}
CRITICAL - 2022-03-02 20:44:15 --> Invalid file: estrutura/template/cadastroFuncionario.php
#0 C:\wamp64\www\urgtecDP\system\View\View.php(198): CodeIgniter\Exceptions\FrameworkException::forInvalidFile('estrutura/templ...')
#1 C:\wamp64\www\urgtecDP\system\Common.php(1089): CodeIgniter\View\View->render('estrutura/templ...', Array, true)
#2 C:\wamp64\www\urgtecDP\app\Views\urgtec.php(2): view('estrutura/templ...')
#3 C:\wamp64\www\urgtecDP\system\View\View.php(210): include('C:\\wamp64\\www\\u...')
#4 C:\wamp64\www\urgtecDP\system\View\View.php(213): CodeIgniter\View\View->CodeIgniter\View\{closure}()
#5 C:\wamp64\www\urgtecDP\system\Common.php(1089): CodeIgniter\View\View->render('urgtec', Array, true)
#6 C:\wamp64\www\urgtecDP\app\Controllers\Urgtec.php(36): view('urgtec', Array)
#7 C:\wamp64\www\urgtecDP\system\CodeIgniter.php(832): App\Controllers\Urgtec->index()
#8 C:\wamp64\www\urgtecDP\system\CodeIgniter.php(419): CodeIgniter\CodeIgniter->runController(Object(App\Controllers\Urgtec))
#9 C:\wamp64\www\urgtecDP\system\CodeIgniter.php(326): CodeIgniter\CodeIgniter->handleRequest(NULL, Object(Config\Cache), false)
#10 C:\wamp64\www\urgtecDP\index.php(37): CodeIgniter\CodeIgniter->run()
#11 {main}
CRITICAL - 2022-03-02 20:44:27 --> Invalid file: estrutura/template/cadastroFuncionario.php
#0 C:\wamp64\www\urgtecDP\system\View\View.php(198): CodeIgniter\Exceptions\FrameworkException::forInvalidFile('estrutura/templ...')
#1 C:\wamp64\www\urgtecDP\system\Common.php(1089): CodeIgniter\View\View->render('estrutura/templ...', Array, true)
#2 C:\wamp64\www\urgtecDP\app\Views\urgtec.php(3): view('estrutura/templ...')
#3 C:\wamp64\www\urgtecDP\system\View\View.php(210): include('C:\\wamp64\\www\\u...')
#4 C:\wamp64\www\urgtecDP\system\View\View.php(213): CodeIgniter\View\View->CodeIgniter\View\{closure}()
#5 C:\wamp64\www\urgtecDP\system\Common.php(1089): CodeIgniter\View\View->render('urgtec', Array, true)
#6 C:\wamp64\www\urgtecDP\app\Controllers\Urgtec.php(36): view('urgtec', Array)
#7 C:\wamp64\www\urgtecDP\system\CodeIgniter.php(832): App\Controllers\Urgtec->index()
#8 C:\wamp64\www\urgtecDP\system\CodeIgniter.php(419): CodeIgniter\CodeIgniter->runController(Object(App\Controllers\Urgtec))
#9 C:\wamp64\www\urgtecDP\system\CodeIgniter.php(326): CodeIgniter\CodeIgniter->handleRequest(NULL, Object(Config\Cache), false)
#10 C:\wamp64\www\urgtecDP\index.php(37): CodeIgniter\CodeIgniter->run()
#11 {main}
CRITICAL - 2022-03-02 20:44:59 --> Invalid file: estrutura/template/cadastroFuncionario.php
#0 C:\wamp64\www\urgtecDP\system\View\View.php(198): CodeIgniter\Exceptions\FrameworkException::forInvalidFile('estrutura/templ...')
#1 C:\wamp64\www\urgtecDP\system\Common.php(1089): CodeIgniter\View\View->render('estrutura/templ...', Array, true)
#2 C:\wamp64\www\urgtecDP\app\Views\urgtec.php(3): view('estrutura/templ...')
#3 C:\wamp64\www\urgtecDP\system\View\View.php(210): include('C:\\wamp64\\www\\u...')
#4 C:\wamp64\www\urgtecDP\system\View\View.php(213): CodeIgniter\View\View->CodeIgniter\View\{closure}()
#5 C:\wamp64\www\urgtecDP\system\Common.php(1089): CodeIgniter\View\View->render('urgtec', Array, true)
#6 C:\wamp64\www\urgtecDP\app\Controllers\Urgtec.php(36): view('urgtec', Array)
#7 C:\wamp64\www\urgtecDP\system\CodeIgniter.php(832): App\Controllers\Urgtec->index()
#8 C:\wamp64\www\urgtecDP\system\CodeIgniter.php(419): CodeIgniter\CodeIgniter->runController(Object(App\Controllers\Urgtec))
#9 C:\wamp64\www\urgtecDP\system\CodeIgniter.php(326): CodeIgniter\CodeIgniter->handleRequest(NULL, Object(Config\Cache), false)
#10 C:\wamp64\www\urgtecDP\index.php(37): CodeIgniter\CodeIgniter->run()
#11 {main}
CRITICAL - 2022-03-02 20:45:17 --> Invalid file: estrutura/template/cadastroFuncionario.php
#0 C:\wamp64\www\urgtecDP\system\View\View.php(198): CodeIgniter\Exceptions\FrameworkException::forInvalidFile('estrutura/templ...')
#1 C:\wamp64\www\urgtecDP\system\Common.php(1089): CodeIgniter\View\View->render('estrutura/templ...', Array, true)
#2 C:\wamp64\www\urgtecDP\app\Views\urgtec.php(3): view('estrutura/templ...')
#3 C:\wamp64\www\urgtecDP\system\View\View.php(210): include('C:\\wamp64\\www\\u...')
#4 C:\wamp64\www\urgtecDP\system\View\View.php(213): CodeIgniter\View\View->CodeIgniter\View\{closure}()
#5 C:\wamp64\www\urgtecDP\system\Common.php(1089): CodeIgniter\View\View->render('urgtec', Array, true)
#6 C:\wamp64\www\urgtecDP\app\Controllers\Urgtec.php(36): view('urgtec', Array)
#7 C:\wamp64\www\urgtecDP\system\CodeIgniter.php(832): App\Controllers\Urgtec->index()
#8 C:\wamp64\www\urgtecDP\system\CodeIgniter.php(419): CodeIgniter\CodeIgniter->runController(Object(App\Controllers\Urgtec))
#9 C:\wamp64\www\urgtecDP\system\CodeIgniter.php(326): CodeIgniter\CodeIgniter->handleRequest(NULL, Object(Config\Cache), false)
#10 C:\wamp64\www\urgtecDP\index.php(37): CodeIgniter\CodeIgniter->run()
#11 {main}
CRITICAL - 2022-03-02 20:46:18 --> Invalid file: estrutura/template/cadastroFuncionario.php
#0 C:\wamp64\www\urgtecDP\system\View\View.php(198): CodeIgniter\Exceptions\FrameworkException::forInvalidFile('estrutura/templ...')
#1 C:\wamp64\www\urgtecDP\system\Common.php(1089): CodeIgniter\View\View->render('estrutura/templ...', Array, true)
#2 C:\wamp64\www\urgtecDP\app\Views\urgtec.php(3): view('estrutura/templ...')
#3 C:\wamp64\www\urgtecDP\system\View\View.php(210): include('C:\\wamp64\\www\\u...')
#4 C:\wamp64\www\urgtecDP\system\View\View.php(213): CodeIgniter\View\View->CodeIgniter\View\{closure}()
#5 C:\wamp64\www\urgtecDP\system\Common.php(1089): CodeIgniter\View\View->render('urgtec', Array, true)
#6 C:\wamp64\www\urgtecDP\app\Controllers\Urgtec.php(36): view('urgtec', Array)
#7 C:\wamp64\www\urgtecDP\system\CodeIgniter.php(832): App\Controllers\Urgtec->index()
#8 C:\wamp64\www\urgtecDP\system\CodeIgniter.php(419): CodeIgniter\CodeIgniter->runController(Object(App\Controllers\Urgtec))
#9 C:\wamp64\www\urgtecDP\system\CodeIgniter.php(326): CodeIgniter\CodeIgniter->handleRequest(NULL, Object(Config\Cache), false)
#10 C:\wamp64\www\urgtecDP\index.php(37): CodeIgniter\CodeIgniter->run()
#11 {main}
CRITICAL - 2022-03-02 20:46:29 --> Invalid file: estrutura/template/.php
#0 C:\wamp64\www\urgtecDP\system\View\View.php(198): CodeIgniter\Exceptions\FrameworkException::forInvalidFile('estrutura/templ...')
#1 C:\wamp64\www\urgtecDP\system\Common.php(1089): CodeIgniter\View\View->render('estrutura/templ...', Array, true)
#2 C:\wamp64\www\urgtecDP\app\Views\urgtec.php(3): view('estrutura/templ...')
#3 C:\wamp64\www\urgtecDP\system\View\View.php(210): include('C:\\wamp64\\www\\u...')
#4 C:\wamp64\www\urgtecDP\system\View\View.php(213): CodeIgniter\View\View->CodeIgniter\View\{closure}()
#5 C:\wamp64\www\urgtecDP\system\Common.php(1089): CodeIgniter\View\View->render('urgtec', Array, true)
#6 C:\wamp64\www\urgtecDP\app\Controllers\Urgtec.php(36): view('urgtec', Array)
#7 C:\wamp64\www\urgtecDP\system\CodeIgniter.php(832): App\Controllers\Urgtec->index()
#8 C:\wamp64\www\urgtecDP\system\CodeIgniter.php(419): CodeIgniter\CodeIgniter->runController(Object(App\Controllers\Urgtec))
#9 C:\wamp64\www\urgtecDP\system\CodeIgniter.php(326): CodeIgniter\CodeIgniter->handleRequest(NULL, Object(Config\Cache), false)
#10 C:\wamp64\www\urgtecDP\index.php(37): CodeIgniter\CodeIgniter->run()
#11 {main}
CRITICAL - 2022-03-02 20:46:58 --> Invalid file: estrutura/template/cadastroFuncionario.php
#0 C:\wamp64\www\urgtecDP\system\View\View.php(198): CodeIgniter\Exceptions\FrameworkException::forInvalidFile('estrutura/templ...')
#1 C:\wamp64\www\urgtecDP\system\Common.php(1089): CodeIgniter\View\View->render('estrutura/templ...', Array, true)
#2 C:\wamp64\www\urgtecDP\app\Views\urgtec.php(3): view('estrutura/templ...')
#3 C:\wamp64\www\urgtecDP\system\View\View.php(210): include('C:\\wamp64\\www\\u...')
#4 C:\wamp64\www\urgtecDP\system\View\View.php(213): CodeIgniter\View\View->CodeIgniter\View\{closure}()
#5 C:\wamp64\www\urgtecDP\system\Common.php(1089): CodeIgniter\View\View->render('urgtec', Array, true)
#6 C:\wamp64\www\urgtecDP\app\Controllers\Urgtec.php(36): view('urgtec', Array)
#7 C:\wamp64\www\urgtecDP\system\CodeIgniter.php(832): App\Controllers\Urgtec->index()
#8 C:\wamp64\www\urgtecDP\system\CodeIgniter.php(419): CodeIgniter\CodeIgniter->runController(Object(App\Controllers\Urgtec))
#9 C:\wamp64\www\urgtecDP\system\CodeIgniter.php(326): CodeIgniter\CodeIgniter->handleRequest(NULL, Object(Config\Cache), false)
#10 C:\wamp64\www\urgtecDP\index.php(37): CodeIgniter\CodeIgniter->run()
#11 {main}
CRITICAL - 2022-03-02 20:50:13 --> Invalid file: template/departamento.php
#0 C:\wamp64\www\urgtecDP\system\View\View.php(198): CodeIgniter\Exceptions\FrameworkException::forInvalidFile('template/depart...')
#1 C:\wamp64\www\urgtecDP\system\Common.php(1089): CodeIgniter\View\View->render('template/depart...', Array, true)
#2 C:\wamp64\www\urgtecDP\app\Views\urgtec.php(3): view('template/depart...')
#3 C:\wamp64\www\urgtecDP\system\View\View.php(210): include('C:\\wamp64\\www\\u...')
#4 C:\wamp64\www\urgtecDP\system\View\View.php(213): CodeIgniter\View\View->CodeIgniter\View\{closure}()
#5 C:\wamp64\www\urgtecDP\system\Common.php(1089): CodeIgniter\View\View->render('urgtec', Array, true)
#6 C:\wamp64\www\urgtecDP\app\Controllers\Urgtec.php(46): view('urgtec', Array)
#7 C:\wamp64\www\urgtecDP\system\CodeIgniter.php(832): App\Controllers\Urgtec->departamento()
#8 C:\wamp64\www\urgtecDP\system\CodeIgniter.php(419): CodeIgniter\CodeIgniter->runController(Object(App\Controllers\Urgtec))
#9 C:\wamp64\www\urgtecDP\system\CodeIgniter.php(326): CodeIgniter\CodeIgniter->handleRequest(NULL, Object(Config\Cache), false)
#10 C:\wamp64\www\urgtecDP\index.php(37): CodeIgniter\CodeIgniter->run()
#11 {main}
CRITICAL - 2022-03-02 20:50:25 --> Invalid file: template/departamento.php
#0 C:\wamp64\www\urgtecDP\system\View\View.php(198): CodeIgniter\Exceptions\FrameworkException::forInvalidFile('template/depart...')
#1 C:\wamp64\www\urgtecDP\system\Common.php(1089): CodeIgniter\View\View->render('template/depart...', Array, true)
#2 C:\wamp64\www\urgtecDP\app\Views\urgtec.php(3): view('template/depart...')
#3 C:\wamp64\www\urgtecDP\system\View\View.php(210): include('C:\\wamp64\\www\\u...')
#4 C:\wamp64\www\urgtecDP\system\View\View.php(213): CodeIgniter\View\View->CodeIgniter\View\{closure}()
#5 C:\wamp64\www\urgtecDP\system\Common.php(1089): CodeIgniter\View\View->render('urgtec', Array, true)
#6 C:\wamp64\www\urgtecDP\app\Controllers\Urgtec.php(46): view('urgtec', Array)
#7 C:\wamp64\www\urgtecDP\system\CodeIgniter.php(832): App\Controllers\Urgtec->departamento()
#8 C:\wamp64\www\urgtecDP\system\CodeIgniter.php(419): CodeIgniter\CodeIgniter->runController(Object(App\Controllers\Urgtec))
#9 C:\wamp64\www\urgtecDP\system\CodeIgniter.php(326): CodeIgniter\CodeIgniter->handleRequest(NULL, Object(Config\Cache), false)
#10 C:\wamp64\www\urgtecDP\index.php(37): CodeIgniter\CodeIgniter->run()
#11 {main}
CRITICAL - 2022-03-02 20:50:36 --> Invalid file: template/departamento.php
#0 C:\wamp64\www\urgtecDP\system\View\View.php(198): CodeIgniter\Exceptions\FrameworkException::forInvalidFile('template/depart...')
#1 C:\wamp64\www\urgtecDP\system\Common.php(1089): CodeIgniter\View\View->render('template/depart...', Array, true)
#2 C:\wamp64\www\urgtecDP\app\Views\urgtec.php(3): view('template/depart...')
#3 C:\wamp64\www\urgtecDP\system\View\View.php(210): include('C:\\wamp64\\www\\u...')
#4 C:\wamp64\www\urgtecDP\system\View\View.php(213): CodeIgniter\View\View->CodeIgniter\View\{closure}()
#5 C:\wamp64\www\urgtecDP\system\Common.php(1089): CodeIgniter\View\View->render('urgtec', Array, true)
#6 C:\wamp64\www\urgtecDP\app\Controllers\Urgtec.php(46): view('urgtec', Array)
#7 C:\wamp64\www\urgtecDP\system\CodeIgniter.php(832): App\Controllers\Urgtec->departamento()
#8 C:\wamp64\www\urgtecDP\system\CodeIgniter.php(419): CodeIgniter\CodeIgniter->runController(Object(App\Controllers\Urgtec))
#9 C:\wamp64\www\urgtecDP\system\CodeIgniter.php(326): CodeIgniter\CodeIgniter->handleRequest(NULL, Object(Config\Cache), false)
#10 C:\wamp64\www\urgtecDP\index.php(37): CodeIgniter\CodeIgniter->run()
#11 {main}
CRITICAL - 2022-03-02 20:51:17 --> Undefined variable: departamento
#0 C:\wamp64\www\urgtecDP\app\Views\estrutura\footer.php(5): CodeIgniter\Debug\Exceptions->errorHandler(8, 'Undefined varia...', 'C:\\wamp64\\www\\u...', 5, Array)
#1 C:\wamp64\www\urgtecDP\system\View\View.php(210): include('C:\\wamp64\\www\\u...')
#2 C:\wamp64\www\urgtecDP\system\View\View.php(213): CodeIgniter\View\View->CodeIgniter\View\{closure}()
#3 C:\wamp64\www\urgtecDP\system\Common.php(1089): CodeIgniter\View\View->render('estrutura/foote...', Array, true)
#4 C:\wamp64\www\urgtecDP\app\Views\urgtec.php(4): view('estrutura/foote...')
#5 C:\wamp64\www\urgtecDP\system\View\View.php(210): include('C:\\wamp64\\www\\u...')
#6 C:\wamp64\www\urgtecDP\system\View\View.php(213): CodeIgniter\View\View->CodeIgniter\View\{closure}()
#7 C:\wamp64\www\urgtecDP\system\Common.php(1089): CodeIgniter\View\View->render('urgtec', Array, true)
#8 C:\wamp64\www\urgtecDP\app\Controllers\Urgtec.php(46): view('urgtec', Array)
#9 C:\wamp64\www\urgtecDP\system\CodeIgniter.php(832): App\Controllers\Urgtec->departamento()
#10 C:\wamp64\www\urgtecDP\system\CodeIgniter.php(419): CodeIgniter\CodeIgniter->runController(Object(App\Controllers\Urgtec))
#11 C:\wamp64\www\urgtecDP\system\CodeIgniter.php(326): CodeIgniter\CodeIgniter->handleRequest(NULL, Object(Config\Cache), false)
#12 C:\wamp64\www\urgtecDP\index.php(37): CodeIgniter\CodeIgniter->run()
#13 {main}
CRITICAL - 2022-03-02 20:55:43 --> Undefined property: CodeIgniter\HTTP\IncomingRequest::$getMethod
#0 C:\wamp64\www\urgtecDP\app\Controllers\Urgtec.php(47): CodeIgniter\Debug\Exceptions->errorHandler(8, 'Undefined prope...', 'C:\\wamp64\\www\\u...', 47, Array)
#1 C:\wamp64\www\urgtecDP\system\CodeIgniter.php(832): App\Controllers\Urgtec->departamento()
#2 C:\wamp64\www\urgtecDP\system\CodeIgniter.php(419): CodeIgniter\CodeIgniter->runController(Object(App\Controllers\Urgtec))
#3 C:\wamp64\www\urgtecDP\system\CodeIgniter.php(326): CodeIgniter\CodeIgniter->handleRequest(NULL, Object(Config\Cache), false)
#4 C:\wamp64\www\urgtecDP\index.php(37): CodeIgniter\CodeIgniter->run()
#5 {main}
CRITICAL - 2022-03-02 20:57:24 --> Undefined property: CodeIgniter\HTTP\IncomingRequest::$getMethod
#0 C:\wamp64\www\urgtecDP\app\Controllers\Urgtec.php(47): CodeIgniter\Debug\Exceptions->errorHandler(8, 'Undefined prope...', 'C:\\wamp64\\www\\u...', 47, Array)
#1 C:\wamp64\www\urgtecDP\system\CodeIgniter.php(832): App\Controllers\Urgtec->departamento()
#2 C:\wamp64\www\urgtecDP\system\CodeIgniter.php(419): CodeIgniter\CodeIgniter->runController(Object(App\Controllers\Urgtec))
#3 C:\wamp64\www\urgtecDP\system\CodeIgniter.php(326): CodeIgniter\CodeIgniter->handleRequest(NULL, Object(Config\Cache), false)
#4 C:\wamp64\www\urgtecDP\index.php(37): CodeIgniter\CodeIgniter->run()
#5 {main}
CRITICAL - 2022-03-02 20:57:51 --> Undefined property: CodeIgniter\HTTP\IncomingRequest::$getMethod
#0 C:\wamp64\www\urgtecDP\app\Controllers\Urgtec.php(47): CodeIgniter\Debug\Exceptions->errorHandler(8, 'Undefined prope...', 'C:\\wamp64\\www\\u...', 47, Array)
#1 C:\wamp64\www\urgtecDP\system\CodeIgniter.php(832): App\Controllers\Urgtec->departamento()
#2 C:\wamp64\www\urgtecDP\system\CodeIgniter.php(419): CodeIgniter\CodeIgniter->runController(Object(App\Controllers\Urgtec))
#3 C:\wamp64\www\urgtecDP\system\CodeIgniter.php(326): CodeIgniter\CodeIgniter->handleRequest(NULL, Object(Config\Cache), false)
#4 C:\wamp64\www\urgtecDP\index.php(37): CodeIgniter\CodeIgniter->run()
#5 {main}
CRITICAL - 2022-03-02 20:58:23 --> syntax error, unexpected '===' (T_IS_IDENTICAL)
#0 C:\wamp64\www\urgtecDP\system\Router\Router.php(175): CodeIgniter\Router\Router->autoRoute('Urgtec/departam...')
#1 C:\wamp64\www\urgtecDP\system\CodeIgniter.php(726): CodeIgniter\Router\Router->handle('Urgtec/departam...')
#2 C:\wamp64\www\urgtecDP\system\CodeIgniter.php(368): CodeIgniter\CodeIgniter->tryToRouteIt(Object(CodeIgniter\Router\RouteCollection))
#3 C:\wamp64\www\urgtecDP\system\CodeIgniter.php(326): CodeIgniter\CodeIgniter->handleRequest(NULL, Object(Config\Cache), false)
#4 C:\wamp64\www\urgtecDP\index.php(37): CodeIgniter\CodeIgniter->run()
#5 {main}
ERROR - 2022-03-02 20:59:01 --> Column 'nome' cannot be null
CRITICAL - 2022-03-02 20:59:01 --> Column 'nome' cannot be null
#0 C:\wamp64\www\urgtecDP\system\Database\MySQLi\Connection.php(292): mysqli->query('INSERT INTO `fu...', 0)
#1 C:\wamp64\www\urgtecDP\system\Database\BaseConnection.php(670): CodeIgniter\Database\MySQLi\Connection->execute('INSERT INTO `fu...')
#2 C:\wamp64\www\urgtecDP\system\Database\BaseConnection.php(598): CodeIgniter\Database\BaseConnection->simpleQuery('INSERT INTO `fu...')
#3 C:\wamp64\www\urgtecDP\system\Database\BaseBuilder.php(1771): CodeIgniter\Database\BaseConnection->query('INSERT INTO `fu...', Array, false)
#4 C:\wamp64\www\urgtecDP\system\Model.php(239): CodeIgniter\Database\BaseBuilder->insert()
#5 C:\wamp64\www\urgtecDP\system\BaseModel.php(738): CodeIgniter\Model->doInsert(Array)
#6 C:\wamp64\www\urgtecDP\system\Model.php(625): CodeIgniter\BaseModel->insert(Array, true)
#7 C:\wamp64\www\urgtecDP\app\Controllers\Urgtec.php(26): CodeIgniter\Model->insert()
#8 C:\wamp64\www\urgtecDP\system\CodeIgniter.php(832): App\Controllers\Urgtec->index()
#9 C:\wamp64\www\urgtecDP\system\CodeIgniter.php(419): CodeIgniter\CodeIgniter->runController(Object(App\Controllers\Urgtec))
#10 C:\wamp64\www\urgtecDP\system\CodeIgniter.php(326): CodeIgniter\CodeIgniter->handleRequest(NULL, Object(Config\Cache), false)
#11 C:\wamp64\www\urgtecDP\index.php(37): CodeIgniter\CodeIgniter->run()
#12 {main}
ERROR - 2022-03-02 21:00:27 --> Column 'nome' cannot be null
CRITICAL - 2022-03-02 21:00:27 --> Column 'nome' cannot be null
#0 C:\wamp64\www\urgtecDP\system\Database\MySQLi\Connection.php(292): mysqli->query('INSERT INTO `fu...', 0)
#1 C:\wamp64\www\urgtecDP\system\Database\BaseConnection.php(670): CodeIgniter\Database\MySQLi\Connection->execute('INSERT INTO `fu...')
#2 C:\wamp64\www\urgtecDP\system\Database\BaseConnection.php(598): CodeIgniter\Database\BaseConnection->simpleQuery('INSERT INTO `fu...')
#3 C:\wamp64\www\urgtecDP\system\Database\BaseBuilder.php(1771): CodeIgniter\Database\BaseConnection->query('INSERT INTO `fu...', Array, false)
#4 C:\wamp64\www\urgtecDP\system\Model.php(239): CodeIgniter\Database\BaseBuilder->insert()
#5 C:\wamp64\www\urgtecDP\system\BaseModel.php(738): CodeIgniter\Model->doInsert(Array)
#6 C:\wamp64\www\urgtecDP\system\Model.php(625): CodeIgniter\BaseModel->insert(Array, true)
#7 C:\wamp64\www\urgtecDP\app\Controllers\Urgtec.php(26): CodeIgniter\Model->insert()
#8 C:\wamp64\www\urgtecDP\system\CodeIgniter.php(832): App\Controllers\Urgtec->index()
#9 C:\wamp64\www\urgtecDP\system\CodeIgniter.php(419): CodeIgniter\CodeIgniter->runController(Object(App\Controllers\Urgtec))
#10 C:\wamp64\www\urgtecDP\system\CodeIgniter.php(326): CodeIgniter\CodeIgniter->handleRequest(NULL, Object(Config\Cache), false)
#11 C:\wamp64\www\urgtecDP\index.php(37): CodeIgniter\CodeIgniter->run()
#12 {main}
ERROR - 2022-03-02 21:00:33 --> Column 'nome' cannot be null
CRITICAL - 2022-03-02 21:00:33 --> Column 'nome' cannot be null
#0 C:\wamp64\www\urgtecDP\system\Database\MySQLi\Connection.php(292): mysqli->query('INSERT INTO `fu...', 0)
#1 C:\wamp64\www\urgtecDP\system\Database\BaseConnection.php(670): CodeIgniter\Database\MySQLi\Connection->execute('INSERT INTO `fu...')
#2 C:\wamp64\www\urgtecDP\system\Database\BaseConnection.php(598): CodeIgniter\Database\BaseConnection->simpleQuery('INSERT INTO `fu...')
#3 C:\wamp64\www\urgtecDP\system\Database\BaseBuilder.php(1771): CodeIgniter\Database\BaseConnection->query('INSERT INTO `fu...', Array, false)
#4 C:\wamp64\www\urgtecDP\system\Model.php(239): CodeIgniter\Database\BaseBuilder->insert()
#5 C:\wamp64\www\urgtecDP\system\BaseModel.php(738): CodeIgniter\Model->doInsert(Array)
#6 C:\wamp64\www\urgtecDP\system\Model.php(625): CodeIgniter\BaseModel->insert(Array, true)
#7 C:\wamp64\www\urgtecDP\app\Controllers\Urgtec.php(26): CodeIgniter\Model->insert()
#8 C:\wamp64\www\urgtecDP\system\CodeIgniter.php(832): App\Controllers\Urgtec->index()
#9 C:\wamp64\www\urgtecDP\system\CodeIgniter.php(419): CodeIgniter\CodeIgniter->runController(Object(App\Controllers\Urgtec))
#10 C:\wamp64\www\urgtecDP\system\CodeIgniter.php(326): CodeIgniter\CodeIgniter->handleRequest(NULL, Object(Config\Cache), false)
#11 C:\wamp64\www\urgtecDP\index.php(37): CodeIgniter\CodeIgniter->run()
#12 {main}
ERROR - 2022-03-02 21:03:21 --> Column 'nome' cannot be null
CRITICAL - 2022-03-02 21:03:21 --> Column 'nome' cannot be null
#0 C:\wamp64\www\urgtecDP\system\Database\MySQLi\Connection.php(292): mysqli->query('INSERT INTO `fu...', 0)
#1 C:\wamp64\www\urgtecDP\system\Database\BaseConnection.php(670): CodeIgniter\Database\MySQLi\Connection->execute('INSERT INTO `fu...')
#2 C:\wamp64\www\urgtecDP\system\Database\BaseConnection.php(598): CodeIgniter\Database\BaseConnection->simpleQuery('INSERT INTO `fu...')
#3 C:\wamp64\www\urgtecDP\system\Database\BaseBuilder.php(1771): CodeIgniter\Database\BaseConnection->query('INSERT INTO `fu...', Array, false)
#4 C:\wamp64\www\urgtecDP\system\Model.php(239): CodeIgniter\Database\BaseBuilder->insert()
#5 C:\wamp64\www\urgtecDP\system\BaseModel.php(738): CodeIgniter\Model->doInsert(Array)
#6 C:\wamp64\www\urgtecDP\system\Model.php(625): CodeIgniter\BaseModel->insert(Array, true)
#7 C:\wamp64\www\urgtecDP\app\Controllers\Urgtec.php(26): CodeIgniter\Model->insert()
#8 C:\wamp64\www\urgtecDP\system\CodeIgniter.php(832): App\Controllers\Urgtec->index()
#9 C:\wamp64\www\urgtecDP\system\CodeIgniter.php(419): CodeIgniter\CodeIgniter->runController(Object(App\Controllers\Urgtec))
#10 C:\wamp64\www\urgtecDP\system\CodeIgniter.php(326): CodeIgniter\CodeIgniter->handleRequest(NULL, Object(Config\Cache), false)
#11 C:\wamp64\www\urgtecDP\index.php(37): CodeIgniter\CodeIgniter->run()
#12 {main}
ERROR - 2022-03-02 21:05:28 --> Column 'nome' cannot be null
CRITICAL - 2022-03-02 21:05:28 --> Column 'nome' cannot be null
#0 C:\wamp64\www\urgtecDP\system\Database\MySQLi\Connection.php(292): mysqli->query('INSERT INTO `fu...', 0)
#1 C:\wamp64\www\urgtecDP\system\Database\BaseConnection.php(670): CodeIgniter\Database\MySQLi\Connection->execute('INSERT INTO `fu...')
#2 C:\wamp64\www\urgtecDP\system\Database\BaseConnection.php(598): CodeIgniter\Database\BaseConnection->simpleQuery('INSERT INTO `fu...')
#3 C:\wamp64\www\urgtecDP\system\Database\BaseBuilder.php(1771): CodeIgniter\Database\BaseConnection->query('INSERT INTO `fu...', Array, false)
#4 C:\wamp64\www\urgtecDP\system\Model.php(239): CodeIgniter\Database\BaseBuilder->insert()
#5 C:\wamp64\www\urgtecDP\system\BaseModel.php(738): CodeIgniter\Model->doInsert(Array)
#6 C:\wamp64\www\urgtecDP\system\Model.php(625): CodeIgniter\BaseModel->insert(Array, true)
#7 C:\wamp64\www\urgtecDP\app\Controllers\Urgtec.php(26): CodeIgniter\Model->insert()
#8 C:\wamp64\www\urgtecDP\system\CodeIgniter.php(832): App\Controllers\Urgtec->index()
#9 C:\wamp64\www\urgtecDP\system\CodeIgniter.php(419): CodeIgniter\CodeIgniter->runController(Object(App\Controllers\Urgtec))
#10 C:\wamp64\www\urgtecDP\system\CodeIgniter.php(326): CodeIgniter\CodeIgniter->handleRequest(NULL, Object(Config\Cache), false)
#11 C:\wamp64\www\urgtecDP\index.php(37): CodeIgniter\CodeIgniter->run()
#12 {main}
ERROR - 2022-03-02 21:05:30 --> Column 'nome' cannot be null
CRITICAL - 2022-03-02 21:05:30 --> Column 'nome' cannot be null
#0 C:\wamp64\www\urgtecDP\system\Database\MySQLi\Connection.php(292): mysqli->query('INSERT INTO `fu...', 0)
#1 C:\wamp64\www\urgtecDP\system\Database\BaseConnection.php(670): CodeIgniter\Database\MySQLi\Connection->execute('INSERT INTO `fu...')
#2 C:\wamp64\www\urgtecDP\system\Database\BaseConnection.php(598): CodeIgniter\Database\BaseConnection->simpleQuery('INSERT INTO `fu...')
#3 C:\wamp64\www\urgtecDP\system\Database\BaseBuilder.php(1771): CodeIgniter\Database\BaseConnection->query('INSERT INTO `fu...', Array, false)
#4 C:\wamp64\www\urgtecDP\system\Model.php(239): CodeIgniter\Database\BaseBuilder->insert()
#5 C:\wamp64\www\urgtecDP\system\BaseModel.php(738): CodeIgniter\Model->doInsert(Array)
#6 C:\wamp64\www\urgtecDP\system\Model.php(625): CodeIgniter\BaseModel->insert(Array, true)
#7 C:\wamp64\www\urgtecDP\app\Controllers\Urgtec.php(26): CodeIgniter\Model->insert()
#8 C:\wamp64\www\urgtecDP\system\CodeIgniter.php(832): App\Controllers\Urgtec->index()
#9 C:\wamp64\www\urgtecDP\system\CodeIgniter.php(419): CodeIgniter\CodeIgniter->runController(Object(App\Controllers\Urgtec))
#10 C:\wamp64\www\urgtecDP\system\CodeIgniter.php(326): CodeIgniter\CodeIgniter->handleRequest(NULL, Object(Config\Cache), false)
#11 C:\wamp64\www\urgtecDP\index.php(37): CodeIgniter\CodeIgniter->run()
#12 {main}
ERROR - 2022-03-02 21:05:34 --> Column 'nome' cannot be null
CRITICAL - 2022-03-02 21:05:34 --> Column 'nome' cannot be null
#0 C:\wamp64\www\urgtecDP\system\Database\MySQLi\Connection.php(292): mysqli->query('INSERT INTO `fu...', 0)
#1 C:\wamp64\www\urgtecDP\system\Database\BaseConnection.php(670): CodeIgniter\Database\MySQLi\Connection->execute('INSERT INTO `fu...')
#2 C:\wamp64\www\urgtecDP\system\Database\BaseConnection.php(598): CodeIgniter\Database\BaseConnection->simpleQuery('INSERT INTO `fu...')
#3 C:\wamp64\www\urgtecDP\system\Database\BaseBuilder.php(1771): CodeIgniter\Database\BaseConnection->query('INSERT INTO `fu...', Array, false)
#4 C:\wamp64\www\urgtecDP\system\Model.php(239): CodeIgniter\Database\BaseBuilder->insert()
#5 C:\wamp64\www\urgtecDP\system\BaseModel.php(738): CodeIgniter\Model->doInsert(Array)
#6 C:\wamp64\www\urgtecDP\system\Model.php(625): CodeIgniter\BaseModel->insert(Array, true)
#7 C:\wamp64\www\urgtecDP\app\Controllers\Urgtec.php(26): CodeIgniter\Model->insert()
#8 C:\wamp64\www\urgtecDP\system\CodeIgniter.php(832): App\Controllers\Urgtec->index()
#9 C:\wamp64\www\urgtecDP\system\CodeIgniter.php(419): CodeIgniter\CodeIgniter->runController(Object(App\Controllers\Urgtec))
#10 C:\wamp64\www\urgtecDP\system\CodeIgniter.php(326): CodeIgniter\CodeIgniter->handleRequest(NULL, Object(Config\Cache), false)
#11 C:\wamp64\www\urgtecDP\index.php(37): CodeIgniter\CodeIgniter->run()
#12 {main}
ERROR - 2022-03-02 21:05:37 --> Column 'nome' cannot be null
CRITICAL - 2022-03-02 21:05:37 --> Column 'nome' cannot be null
#0 C:\wamp64\www\urgtecDP\system\Database\MySQLi\Connection.php(292): mysqli->query('INSERT INTO `fu...', 0)
#1 C:\wamp64\www\urgtecDP\system\Database\BaseConnection.php(670): CodeIgniter\Database\MySQLi\Connection->execute('INSERT INTO `fu...')
#2 C:\wamp64\www\urgtecDP\system\Database\BaseConnection.php(598): CodeIgniter\Database\BaseConnection->simpleQuery('INSERT INTO `fu...')
#3 C:\wamp64\www\urgtecDP\system\Database\BaseBuilder.php(1771): CodeIgniter\Database\BaseConnection->query('INSERT INTO `fu...', Array, false)
#4 C:\wamp64\www\urgtecDP\system\Model.php(239): CodeIgniter\Database\BaseBuilder->insert()
#5 C:\wamp64\www\urgtecDP\system\BaseModel.php(738): CodeIgniter\Model->doInsert(Array)
#6 C:\wamp64\www\urgtecDP\system\Model.php(625): CodeIgniter\BaseModel->insert(Array, true)
#7 C:\wamp64\www\urgtecDP\app\Controllers\Urgtec.php(26): CodeIgniter\Model->insert()
#8 C:\wamp64\www\urgtecDP\system\CodeIgniter.php(832): App\Controllers\Urgtec->index()
#9 C:\wamp64\www\urgtecDP\system\CodeIgniter.php(419): CodeIgniter\CodeIgniter->runController(Object(App\Controllers\Urgtec))
#10 C:\wamp64\www\urgtecDP\system\CodeIgniter.php(326): CodeIgniter\CodeIgniter->handleRequest(NULL, Object(Config\Cache), false)
#11 C:\wamp64\www\urgtecDP\index.php(37): CodeIgniter\CodeIgniter->run()
#12 {main}
ERROR - 2022-03-02 21:05:45 --> Column 'nome' cannot be null
CRITICAL - 2022-03-02 21:05:45 --> Column 'nome' cannot be null
#0 C:\wamp64\www\urgtecDP\system\Database\MySQLi\Connection.php(292): mysqli->query('INSERT INTO `fu...', 0)
#1 C:\wamp64\www\urgtecDP\system\Database\BaseConnection.php(670): CodeIgniter\Database\MySQLi\Connection->execute('INSERT INTO `fu...')
#2 C:\wamp64\www\urgtecDP\system\Database\BaseConnection.php(598): CodeIgniter\Database\BaseConnection->simpleQuery('INSERT INTO `fu...')
#3 C:\wamp64\www\urgtecDP\system\Database\BaseBuilder.php(1771): CodeIgniter\Database\BaseConnection->query('INSERT INTO `fu...', Array, false)
#4 C:\wamp64\www\urgtecDP\system\Model.php(239): CodeIgniter\Database\BaseBuilder->insert()
#5 C:\wamp64\www\urgtecDP\system\BaseModel.php(738): CodeIgniter\Model->doInsert(Array)
#6 C:\wamp64\www\urgtecDP\system\Model.php(625): CodeIgniter\BaseModel->insert(Array, true)
#7 C:\wamp64\www\urgtecDP\app\Controllers\Urgtec.php(26): CodeIgniter\Model->insert()
#8 C:\wamp64\www\urgtecDP\system\CodeIgniter.php(832): App\Controllers\Urgtec->index()
#9 C:\wamp64\www\urgtecDP\system\CodeIgniter.php(419): CodeIgniter\CodeIgniter->runController(Object(App\Controllers\Urgtec))
#10 C:\wamp64\www\urgtecDP\system\CodeIgniter.php(326): CodeIgniter\CodeIgniter->handleRequest(NULL, Object(Config\Cache), false)
#11 C:\wamp64\www\urgtecDP\index.php(37): CodeIgniter\CodeIgniter->run()
#12 {main}
CRITICAL - 2022-03-02 21:10:01 --> syntax error, unexpected 'Departamento' (T_STRING), expecting ';' or ','
#0 C:\wamp64\www\urgtecDP\system\View\View.php(213): CodeIgniter\View\View->CodeIgniter\View\{closure}()
#1 C:\wamp64\www\urgtecDP\system\Common.php(1089): CodeIgniter\View\View->render('template/cadast...', Array, true)
#2 C:\wamp64\www\urgtecDP\app\Views\urgtec.php(3): view('template/cadast...')
#3 C:\wamp64\www\urgtecDP\system\View\View.php(210): include('C:\\wamp64\\www\\u...')
#4 C:\wamp64\www\urgtecDP\system\View\View.php(213): CodeIgniter\View\View->CodeIgniter\View\{closure}()
#5 C:\wamp64\www\urgtecDP\system\Common.php(1089): CodeIgniter\View\View->render('urgtec', Array, true)
#6 C:\wamp64\www\urgtecDP\app\Controllers\Urgtec.php(36): view('urgtec', Array)
#7 C:\wamp64\www\urgtecDP\system\CodeIgniter.php(832): App\Controllers\Urgtec->index()
#8 C:\wamp64\www\urgtecDP\system\CodeIgniter.php(419): CodeIgniter\CodeIgniter->runController(Object(App\Controllers\Urgtec))
#9 C:\wamp64\www\urgtecDP\system\CodeIgniter.php(326): CodeIgniter\CodeIgniter->handleRequest(NULL, Object(Config\Cache), false)
#10 C:\wamp64\www\urgtecDP\index.php(37): CodeIgniter\CodeIgniter->run()
#11 {main}
CRITICAL - 2022-03-02 21:10:03 --> syntax error, unexpected 'Departamento' (T_STRING), expecting ';' or ','
#0 C:\wamp64\www\urgtecDP\system\View\View.php(213): CodeIgniter\View\View->CodeIgniter\View\{closure}()
#1 C:\wamp64\www\urgtecDP\system\Common.php(1089): CodeIgniter\View\View->render('template/cadast...', Array, true)
#2 C:\wamp64\www\urgtecDP\app\Views\urgtec.php(3): view('template/cadast...')
#3 C:\wamp64\www\urgtecDP\system\View\View.php(210): include('C:\\wamp64\\www\\u...')
#4 C:\wamp64\www\urgtecDP\system\View\View.php(213): CodeIgniter\View\View->CodeIgniter\View\{closure}()
#5 C:\wamp64\www\urgtecDP\system\Common.php(1089): CodeIgniter\View\View->render('urgtec', Array, true)
#6 C:\wamp64\www\urgtecDP\app\Controllers\Urgtec.php(36): view('urgtec', Array)
#7 C:\wamp64\www\urgtecDP\system\CodeIgniter.php(832): App\Controllers\Urgtec->index()
#8 C:\wamp64\www\urgtecDP\system\CodeIgniter.php(419): CodeIgniter\CodeIgniter->runController(Object(App\Controllers\Urgtec))
#9 C:\wamp64\www\urgtecDP\system\CodeIgniter.php(326): CodeIgniter\CodeIgniter->handleRequest(NULL, Object(Config\Cache), false)
#10 C:\wamp64\www\urgtecDP\index.php(37): CodeIgniter\CodeIgniter->run()
#11 {main}
CRITICAL - 2022-03-02 21:14:10 --> Undefined property: stdClass::$departamento
#0 C:\wamp64\www\urgtecDP\app\Views\template\cadastroDepartamento.php(28): CodeIgniter\Debug\Exceptions->errorHandler(8, 'Undefined prope...', 'C:\\wamp64\\www\\u...', 28, Array)
#1 C:\wamp64\www\urgtecDP\system\View\View.php(210): include('C:\\wamp64\\www\\u...')
#2 C:\wamp64\www\urgtecDP\system\View\View.php(213): CodeIgniter\View\View->CodeIgniter\View\{closure}()
#3 C:\wamp64\www\urgtecDP\system\Common.php(1089): CodeIgniter\View\View->render('template/cadast...', Array, true)
#4 C:\wamp64\www\urgtecDP\app\Views\urgtec.php(3): view('template/cadast...')
#5 C:\wamp64\www\urgtecDP\system\View\View.php(210): include('C:\\wamp64\\www\\u...')
#6 C:\wamp64\www\urgtecDP\system\View\View.php(213): CodeIgniter\View\View->CodeIgniter\View\{closure}()
#7 C:\wamp64\www\urgtecDP\system\Common.php(1089): CodeIgniter\View\View->render('urgtec', Array, true)
#8 C:\wamp64\www\urgtecDP\app\Controllers\Urgtec.php(57): view('urgtec', Array)
#9 C:\wamp64\www\urgtecDP\system\CodeIgniter.php(832): App\Controllers\Urgtec->departamento()
#10 C:\wamp64\www\urgtecDP\system\CodeIgniter.php(419): CodeIgniter\CodeIgniter->runController(Object(App\Controllers\Urgtec))
#11 C:\wamp64\www\urgtecDP\system\CodeIgniter.php(326): CodeIgniter\CodeIgniter->handleRequest(NULL, Object(Config\Cache), false)
#12 C:\wamp64\www\urgtecDP\index.php(37): CodeIgniter\CodeIgniter->run()
#13 {main}
CRITICAL - 2022-03-02 21:14:52 --> syntax error, unexpected 'endforeach' (T_ENDFOREACH), expecting end of file
#0 C:\wamp64\www\urgtecDP\system\View\View.php(213): CodeIgniter\View\View->CodeIgniter\View\{closure}()
#1 C:\wamp64\www\urgtecDP\system\Common.php(1089): CodeIgniter\View\View->render('template/cadast...', Array, true)
#2 C:\wamp64\www\urgtecDP\app\Views\urgtec.php(3): view('template/cadast...')
#3 C:\wamp64\www\urgtecDP\system\View\View.php(210): include('C:\\wamp64\\www\\u...')
#4 C:\wamp64\www\urgtecDP\system\View\View.php(213): CodeIgniter\View\View->CodeIgniter\View\{closure}()
#5 C:\wamp64\www\urgtecDP\system\Common.php(1089): CodeIgniter\View\View->render('urgtec', Array, true)
#6 C:\wamp64\www\urgtecDP\app\Controllers\Urgtec.php(57): view('urgtec', Array)
#7 C:\wamp64\www\urgtecDP\system\CodeIgniter.php(832): App\Controllers\Urgtec->departamento()
#8 C:\wamp64\www\urgtecDP\system\CodeIgniter.php(419): CodeIgniter\CodeIgniter->runController(Object(App\Controllers\Urgtec))
#9 C:\wamp64\www\urgtecDP\system\CodeIgniter.php(326): CodeIgniter\CodeIgniter->handleRequest(NULL, Object(Config\Cache), false)
#10 C:\wamp64\www\urgtecDP\index.php(37): CodeIgniter\CodeIgniter->run()
#11 {main}
